SF:C:\Users\felip_0vh5fa6\.puro\shared\pub_cache\hosted\pub.dev\test_core-0.5.9\lib\src\bootstrap\vm.dart
DA:16,10
DA:18,20
DA:19,10
DA:20,20
DA:21,30
DA:23,20
DA:24,0
DA:25,0
DA:26,0
DA:32,0
DA:34,0
DA:35,0
DA:36,0
DA:38,0
DA:39,0
DA:40,0
DA:41,0
DA:42,0
DA:44,0
DA:45,0
DA:46,0
DA:47,0
LF:22
LH:6
end_of_record
SF:C:\Users\felip_0vh5fa6\Documents\Projects\dart\due_date\test\constants_test.dart
DA:5,1
DA:6,2
DA:7,1
DA:8,1
DA:16,2
DA:17,1
DA:18,1
DA:20,2
DA:22,1
DA:24,2
DA:26,2
DA:27,1
DA:30,1
DA:33,2
DA:36,2
DA:37,1
DA:40,1
DA:43,2
DA:47,2
DA:48,1
DA:49,1
DA:51,2
DA:53,1
DA:55,2
DA:58,2
DA:59,2
DA:60,1
DA:63,1
DA:66,2
DA:69,2
DA:70,1
DA:71,2
DA:74,1
DA:76,2
DA:80,2
DA:81,1
DA:87,2
DA:92,2
DA:93,1
DA:94,1
DA:96,2
DA:97,1
DA:99,2
DA:101,2
DA:102,1
DA:105,1
DA:108,2
DA:111,2
DA:112,1
DA:115,1
DA:118,2
DA:122,2
DA:123,1
DA:124,1
DA:126,2
DA:127,1
DA:129,2
DA:132,2
DA:133,2
DA:134,1
DA:137,1
DA:140,2
DA:143,2
DA:144,1
DA:145,2
DA:148,1
DA:150,2
DA:154,2
DA:155,1
DA:161,2
DA:166,2
DA:167,1
DA:168,1
DA:170,2
DA:171,1
DA:173,2
DA:175,2
DA:176,1
DA:179,1
DA:182,2
DA:185,2
DA:186,1
DA:189,1
DA:192,2
DA:196,2
DA:197,1
DA:198,1
DA:200,2
DA:202,1
DA:204,2
DA:206,2
DA:207,1
DA:210,1
DA:213,2
DA:216,2
DA:217,1
DA:218,2
DA:221,1
DA:223,2
DA:227,2
DA:228,1
DA:234,2
LF:102
LH:102
end_of_record
SF:C:\Users\felip_0vh5fa6\.puro\shared\pub_cache\hosted\pub.dev\time-2.1.3\lib\src\extensions.dart
DA:5,0
DA:8,21
DA:11,27
DA:14,27
DA:17,27
DA:20,40
DA:23,0
DA:26,0
DA:31,2
DA:34,0
DA:37,66
DA:40,81
DA:43,0
DA:44,0
DA:48,0
DA:49,0
DA:53,0
DA:54,0
DA:58,2
DA:60,10
DA:65,0
DA:66,0
DA:68,0
DA:69,0
DA:70,0
DA:71,0
DA:72,0
DA:73,0
DA:74,0
DA:75,0
DA:76,0
DA:77,0
DA:78,0
DA:81,0
DA:87,24
DA:94,30
DA:101,15
DA:108,10
DA:115,10
DA:122,10
DA:130,0
DA:138,0
DA:140,0
DA:141,0
DA:142,0
DA:151,1
DA:152,1
DA:154,1
DA:155,1
DA:159,1
DA:160,3
DA:164,0
DA:168,0
DA:169,0
DA:175,7
DA:185,7
DA:186,3
DA:187,3
DA:188,3
DA:189,2
DA:190,3
DA:191,3
DA:192,3
DA:193,3
DA:194,3
DA:196,6
DA:197,6
DA:198,6
DA:199,6
DA:200,6
DA:201,6
DA:202,6
DA:203,6
DA:204,6
DA:209,7
DA:210,70
DA:213,6
DA:214,62
DA:217,44
DA:220,54
DA:223,28
DA:226,24
DA:250,3
DA:252,4
DA:253,0
DA:255,2
DA:257,6
DA:263,0
DA:265,0
DA:273,0
DA:276,0
DA:279,0
DA:282,0
DA:306,0
DA:308,0
DA:309,0
DA:311,0
DA:313,0
LF:98
LH:54
end_of_record
SF:C:\Users\felip_0vh5fa6\.puro\shared\pub_cache\hosted\pub.dev\clock-1.1.1\lib\clock.dart
DA:25,0
DA:26,0
DA:29,0
DA:30,0
DA:33,0
DA:34,0
LF:6
LH:0
end_of_record
SF:C:\Users\felip_0vh5fa6\.puro\shared\pub_cache\hosted\pub.dev\test_core-0.5.9\lib\src\scaffolding.dart
DA:39,10
DA:40,10
DA:48,0
DA:50,0
DA:51,0
DA:53,0
DA:55,0
DA:56,0
DA:57,0
DA:58,0
DA:60,0
DA:61,0
DA:62,0
DA:63,0
DA:66,0
DA:67,0
DA:68,0
DA:69,0
DA:70,0
DA:71,0
DA:131,10
DA:140,30
DA:209,10
DA:218,30
DA:245,0
DA:260,0
DA:275,0
DA:288,0
DA:289,0
LF:29
LH:6
end_of_record
SF:C:\Users\felip_0vh5fa6\.puro\shared\pub_cache\hosted\pub.dev\stream_channel-2.1.2\lib\stream_channel.dart
DA:73,0
DA:74,0
DA:86,10
DA:88,10
DA:99,0
DA:101,0
DA:146,0
DA:152,10
DA:154,30
DA:155,30
DA:158,0
DA:160,0
DA:162,0
DA:164,0
DA:166,0
DA:168,0
DA:170,0
DA:172,0
DA:174,0
DA:176,0
DA:178,0
DA:179,0
DA:180,0
LF:23
LH:5
end_of_record
SF:C:\Users\felip_0vh5fa6\.puro\shared\pub_cache\hosted\pub.dev\test_core-0.5.9\lib\src\runner\plugin\remote_platform_helpers.dart
DA:27,10
DA:32,10
DA:43,0
DA:44,0
DA:46,0
DA:50,0
LF:6
LH:2
end_of_record
SF:C:\Users\felip_0vh5fa6\.puro\shared\pub_cache\hosted\pub.dev\test_core-0.5.9\lib\src\runner\plugin\shared_platform_helpers.dart
DA:14,0
DA:15,0
DA:16,0
DA:17,0
DA:18,0
DA:19,0
DA:20,0
DA:21,0
LF:8
LH:0
end_of_record
SF:C:\Users\felip_0vh5fa6\.puro\shared\pub_cache\hosted\pub.dev\test_core-0.5.9\lib\src\runner\compiler_selection.dart
DA:22,0
DA:24,0
DA:26,0
DA:27,0
DA:28,0
DA:29,0
DA:30,0
DA:31,0
DA:33,0
DA:34,0
DA:35,0
DA:36,0
DA:37,0
DA:40,0
DA:48,0
DA:50,0
DA:52,0
DA:53,0
DA:56,0
DA:57,0
DA:58,0
DA:59,0
LF:22
LH:0
end_of_record
SF:C:\Users\felip_0vh5fa6\.puro\shared\pub_cache\hosted\pub.dev\test_core-0.5.9\lib\src\runner\coverage.dart
DA:13,0
DA:15,0
DA:16,0
DA:17,0
DA:18,0
DA:19,0
DA:20,0
DA:21,0
DA:22,0
DA:23,0
LF:10
LH:0
end_of_record
SF:C:\Users\felip_0vh5fa6\.puro\shared\pub_cache\hosted\pub.dev\path-1.9.0\lib\path.dart
DA:42,0
DA:45,0
DA:51,0
DA:58,0
DA:63,0
DA:68,0
DA:75,0
DA:76,0
DA:83,0
DA:86,0
DA:87,0
DA:89,0
DA:92,0
DA:93,0
DA:94,0
DA:112,0
DA:121,0
DA:136,0
DA:147,0
DA:157,0
DA:158,0
DA:179,0
DA:204,0
DA:205,0
DA:223,0
DA:237,0
DA:243,0
DA:253,0
DA:268,0
DA:284,0
DA:302,0
DA:326,0
DA:340,0
DA:350,0
DA:378,0
DA:379,0
DA:386,0
DA:393,0
DA:400,0
DA:405,0
DA:416,0
DA:417,0
DA:437,0
DA:459,0
DA:481,0
LF:45
LH:0
end_of_record
SF:C:\Users\felip_0vh5fa6\.puro\shared\pub_cache\hosted\pub.dev\test_core-0.5.9\lib\src\runner\live_suite_controller.dart
DA:20,0
DA:21,0
DA:23,0
DA:24,0
DA:26,0
DA:27,0
DA:29,0
DA:30,0
DA:32,0
DA:34,0
DA:36,0
DA:37,0
DA:39,0
DA:40,0
DA:42,0
DA:43,0
DA:45,0
DA:46,0
DA:48,0
DA:98,0
DA:107,0
DA:108,0
DA:109,0
DA:112,0
DA:113,0
DA:115,0
DA:117,0
DA:118,0
DA:119,0
DA:121,0
DA:122,0
DA:123,0
DA:124,0
DA:125,0
DA:127,0
DA:129,0
DA:133,0
DA:135,0
DA:140,0
DA:141,0
DA:142,0
DA:146,0
DA:148,0
DA:150,0
LF:44
LH:0
end_of_record
SF:C:\Users\felip_0vh5fa6\.puro\shared\pub_cache\hosted\pub.dev\test_core-0.5.9\lib\src\runner\engine.dart
DA:86,0
DA:87,0
DA:94,0
DA:95,0
DA:96,0
DA:97,0
DA:98,0
DA:99,0
DA:115,0
DA:122,0
DA:132,0
DA:140,0
DA:153,0
DA:154,0
DA:160,0
DA:164,0
DA:168,0
DA:172,0
DA:176,0
DA:180,0
DA:181,0
DA:191,0
DA:195,0
DA:211,0
DA:216,0
DA:219,0
DA:220,0
DA:221,0
DA:222,0
DA:223,0
DA:235,0
DA:237,0
DA:242,0
DA:243,0
DA:245,0
DA:256,0
DA:257,0
DA:258,0
DA:260,0
DA:262,0
DA:264,0
DA:265,0
DA:266,0
DA:268,0
DA:269,0
DA:272,0
DA:273,0
DA:274,0
DA:277,0
DA:280,0
DA:282,0
DA:283,0
DA:284,0
DA:285,0
DA:287,0
DA:289,0
DA:291,0
DA:292,0
DA:293,0
DA:294,0
DA:295,0
DA:297,0
DA:299,0
DA:308,0
DA:310,0
DA:312,0
DA:313,0
DA:315,0
DA:316,0
DA:317,0
DA:318,0
DA:319,0
DA:322,0
DA:324,0
DA:325,0
DA:326,0
DA:327,0
DA:328,0
DA:331,0
DA:332,0
DA:334,0
DA:335,0
DA:336,0
DA:337,0
DA:340,0
DA:341,0
DA:348,0
DA:349,0
DA:350,0
DA:351,0
DA:352,0
DA:355,0
DA:363,0
DA:365,0
DA:366,0
DA:368,0
DA:370,0
DA:371,0
DA:372,0
DA:374,0
DA:375,0
DA:377,0
DA:379,0
DA:383,0
DA:387,0
DA:389,0
DA:390,0
DA:393,0
DA:395,0
DA:402,0
DA:404,0
DA:405,0
DA:409,0
DA:410,0
DA:411,0
DA:413,0
DA:415,0
DA:418,0
DA:419,0
DA:420,0
DA:422,0
DA:429,0
DA:430,0
DA:431,0
DA:434,0
DA:435,0
DA:436,0
DA:439,0
DA:440,0
DA:441,0
DA:447,0
DA:448,0
DA:449,0
DA:451,0
DA:452,0
DA:454,0
DA:456,0
DA:457,0
DA:458,0
DA:460,0
DA:461,0
DA:463,0
DA:465,0
DA:466,0
DA:470,0
DA:472,0
DA:475,0
DA:476,0
DA:481,0
DA:482,0
DA:490,0
DA:491,0
DA:493,0
DA:494,0
DA:495,0
DA:496,0
DA:506,0
DA:507,0
DA:508,0
DA:509,0
DA:510,0
DA:514,0
DA:515,0
DA:516,0
DA:517,0
DA:518,0
DA:519,0
DA:533,0
DA:534,0
DA:535,0
DA:536,0
DA:537,0
DA:541,0
DA:542,0
DA:548,0
DA:549,0
LF:176
LH:0
end_of_record
SF:C:\Users\felip_0vh5fa6\.puro\shared\pub_cache\hosted\pub.dev\pool-1.5.1\lib\pool.dart
DA:66,0
DA:73,0
DA:81,0
DA:82,0
DA:83,0
DA:90,0
DA:98,0
DA:99,0
DA:100,0
DA:103,0
DA:104,0
DA:105,0
DA:106,0
DA:107,0
DA:109,0
DA:110,0
DA:111,0
DA:112,0
DA:120,0
DA:121,0
DA:122,0
DA:125,0
DA:127,0
DA:129,0
DA:153,0
DA:156,0
DA:165,0
DA:166,0
DA:169,0
DA:171,0
DA:174,0
DA:183,0
DA:185,0
DA:186,0
DA:190,0
DA:196,0
DA:197,0
DA:199,0
DA:200,0
DA:201,0
DA:202,0
DA:203,0
DA:204,0
DA:206,0
DA:209,0
DA:212,0
DA:213,0
DA:217,0
DA:218,0
DA:219,0
DA:221,0
DA:222,0
DA:223,0
DA:228,0
DA:242,0
DA:243,0
DA:245,0
DA:247,0
DA:248,0
DA:249,0
DA:252,0
DA:253,0
DA:255,0
DA:256,0
DA:261,0
DA:262,0
DA:264,0
DA:265,0
DA:266,0
DA:268,0
DA:269,0
DA:275,0
DA:276,0
DA:278,0
DA:279,0
DA:280,0
DA:281,0
DA:282,0
DA:283,0
DA:284,0
DA:286,0
DA:287,0
DA:288,0
DA:297,0
DA:298,0
DA:299,0
DA:300,0
DA:301,0
DA:304,0
DA:305,0
DA:306,0
DA:310,0
DA:311,0
DA:313,0
DA:314,0
DA:316,0
DA:322,0
DA:323,0
DA:324,0
DA:325,0
DA:328,0
DA:329,0
DA:331,0
DA:332,0
DA:346,0
DA:350,0
DA:351,0
DA:352,0
DA:354,0
DA:355,0
DA:370,0
DA:371,0
DA:372,0
DA:374,0
DA:375,0
LF:115
LH:0
end_of_record
SF:C:\Users\felip_0vh5fa6\.puro\shared\pub_cache\hosted\pub.dev\test_api-0.6.1\lib\src\backend\group.dart
DA:29,0
DA:30,0
DA:43,0
DA:44,0
DA:45,0
DA:46,0
DA:47,0
DA:52,10
DA:54,10
DA:55,0
DA:57,10
DA:59,30
DA:60,20
DA:61,30
DA:62,10
DA:63,20
DA:65,10
DA:66,10
DA:67,10
DA:70,0
DA:72,0
DA:73,0
DA:74,0
DA:75,0
DA:76,0
DA:77,0
DA:78,0
DA:84,10
DA:85,10
DA:86,30
DA:87,10
DA:88,10
LF:32
LH:16
end_of_record
SF:C:\Users\felip_0vh5fa6\.puro\shared\pub_cache\hosted\pub.dev\test_api-0.6.1\lib\src\backend\invoker.dart
DA:49,10
DA:53,10
DA:57,10
DA:59,20
DA:60,10
DA:63,10
DA:65,30
DA:66,60
DA:67,20
DA:80,20
DA:96,0
DA:110,0
DA:113,0
DA:117,30
DA:120,0
DA:121,0
DA:123,0
DA:146,10
DA:148,20
DA:153,10
DA:154,20
DA:158,0
DA:159,0
DA:161,0
DA:163,0
DA:178,10
DA:181,20
DA:182,30
DA:190,0
DA:191,0
DA:193,0
DA:194,0
DA:196,0
DA:210,0
DA:211,0
DA:212,0
DA:217,0
DA:218,0
DA:219,0
DA:228,10
DA:229,10
DA:230,20
DA:231,10
DA:232,0
DA:234,0
DA:235,0
DA:236,0
DA:237,0
DA:239,0
DA:241,20
DA:249,10
DA:250,10
DA:253,10
DA:254,20
DA:255,10
DA:256,20
DA:258,10
DA:260,10
DA:262,20
DA:264,30
DA:265,20
DA:273,10
DA:274,20
DA:275,30
DA:276,40
DA:279,50
DA:281,0
DA:282,0
DA:283,0
DA:284,0
DA:289,20
DA:290,0
DA:291,0
DA:292,0
DA:303,0
DA:304,0
DA:307,0
DA:313,0
DA:315,0
DA:319,0
DA:320,0
DA:321,0
DA:322,0
DA:324,0
DA:331,0
DA:333,0
DA:336,0
DA:338,0
DA:340,0
DA:345,0
DA:347,0
DA:348,0
DA:349,0
DA:350,0
DA:353,0
DA:355,0
DA:356,0
DA:357,0
DA:366,0
DA:368,0
DA:377,10
DA:378,20
DA:380,20
DA:381,20
DA:382,20
DA:383,20
DA:392,20
DA:394,30
DA:395,40
DA:397,30
DA:399,40
DA:400,0
DA:401,0
DA:402,0
DA:406,60
DA:408,30
DA:410,10
DA:412,10
DA:413,10
DA:416,10
DA:418,40
DA:422,10
DA:423,10
DA:424,0
DA:426,10
DA:431,0
DA:440,30
DA:443,0
DA:444,0
DA:447,10
DA:448,20
DA:449,20
DA:450,20
DA:451,20
DA:457,0
DA:458,0
DA:463,0
LF:137
LH:67
end_of_record
SF:C:\Users\felip_0vh5fa6\.puro\shared\pub_cache\hosted\pub.dev\test_api-0.6.1\lib\src\backend\live_test.dart
DA:61,40
DA:105,0
DA:106,0
DA:107,0
DA:108,0
DA:112,0
DA:114,0
DA:118,0
LF:8
LH:1
end_of_record
SF:C:\Users\felip_0vh5fa6\.puro\shared\pub_cache\hosted\pub.dev\test_api-0.6.1\lib\src\backend\live_test_controller.dart
DA:23,0
DA:46,0
DA:47,0
DA:58,10
DA:59,20
DA:66,10
DA:67,20
DA:74,10
DA:75,20
DA:83,30
DA:101,10
DA:103,10
DA:110,0
DA:111,0
DA:113,0
DA:114,0
DA:115,0
DA:116,0
DA:124,10
DA:125,10
DA:126,20
DA:128,10
DA:129,20
DA:133,0
DA:134,0
DA:135,0
DA:139,0
DA:143,10
DA:145,10
DA:146,0
DA:147,10
DA:148,0
DA:151,10
DA:153,20
DA:154,10
DA:160,10
DA:161,20
DA:163,0
DA:165,0
DA:167,0
DA:168,0
DA:170,0
DA:171,0
DA:173,0
DA:176,0
LF:45
LH:22
end_of_record
SF:C:\Users\felip_0vh5fa6\.puro\shared\pub_cache\hosted\pub.dev\test_api-0.6.1\lib\src\backend\message.dart
DA:15,0
DA:17,0
DA:18,0
DA:31,0
DA:32,0
DA:33,0
DA:34,0
DA:37,10
DA:39,0
DA:40,0
LF:10
LH:1
end_of_record
SF:C:\Users\felip_0vh5fa6\.puro\shared\pub_cache\hosted\pub.dev\test_api-0.6.1\lib\src\backend\state.dart
DA:26,0
DA:28,40
DA:30,10
DA:32,40
DA:34,0
DA:35,0
DA:37,0
DA:39,0
DA:40,0
DA:41,0
DA:42,0
DA:63,0
DA:65,0
DA:66,0
DA:97,0
DA:103,0
DA:105,0
DA:107,0
DA:108,0
LF:19
LH:3
end_of_record
SF:C:\Users\felip_0vh5fa6\.puro\shared\pub_cache\hosted\pub.dev\test_api-0.6.1\lib\src\backend\test.dart
DA:40,0
DA:41,0
LF:2
LH:0
end_of_record
SF:C:\Users\felip_0vh5fa6\.puro\shared\pub_cache\hosted\pub.dev\test_core-0.5.9\lib\src\runner\live_suite.dart
DA:49,0
DA:50,0
DA:51,0
DA:52,0
DA:53,0
LF:5
LH:0
end_of_record
SF:C:\Users\felip_0vh5fa6\.puro\shared\pub_cache\hosted\pub.dev\test_core-0.5.9\lib\src\runner\load_suite.dart
DA:31,0
DA:57,0
DA:65,0
DA:77,0
DA:87,0
DA:90,0
DA:91,0
DA:92,0
DA:93,0
DA:95,0
DA:98,0
DA:100,0
DA:103,0
DA:106,0
DA:110,0
DA:111,0
DA:112,0
DA:117,0
DA:118,0
DA:123,0
DA:124,0
DA:130,0
DA:133,0
DA:135,0
DA:136,0
DA:137,0
DA:138,0
DA:139,0
DA:140,0
DA:144,0
DA:145,0
DA:146,0
DA:147,0
DA:150,0
DA:153,0
DA:154,0
DA:155,0
DA:161,0
DA:162,0
DA:163,0
DA:164,0
DA:167,0
DA:168,0
DA:169,0
DA:170,0
DA:171,0
DA:179,0
DA:180,0
DA:183,0
DA:185,0
DA:186,0
DA:188,0
DA:196,0
DA:197,0
DA:198,0
DA:199,0
DA:201,0
DA:203,0
DA:204,0
DA:208,0
DA:210,0
DA:211,0
DA:212,0
DA:215,0
DA:218,0
DA:220,0
LF:66
LH:0
end_of_record
SF:C:\Users\felip_0vh5fa6\.puro\shared\pub_cache\hosted\pub.dev\test_core-0.5.9\lib\src\runner\runner_suite.dart
DA:30,0
DA:33,0
DA:39,0
DA:45,0
DA:49,0
DA:53,0
DA:54,0
DA:55,0
DA:59,0
DA:61,0
DA:62,0
DA:64,0
DA:66,0
DA:67,0
DA:68,0
DA:72,0
DA:78,0
DA:79,0
DA:85,0
DA:112,0
DA:119,0
DA:120,0
DA:125,0
DA:136,0
DA:137,0
DA:138,0
DA:139,0
DA:152,0
DA:153,0
DA:154,0
DA:157,0
DA:159,0
DA:162,0
DA:163,0
DA:164,0
DA:169,0
DA:170,0
DA:171,0
DA:172,0
LF:39
LH:0
end_of_record
SF:C:\Users\felip_0vh5fa6\.puro\shared\pub_cache\hosted\pub.dev\collection-1.18.0\lib\src\unmodifiable_wrappers.dart
DA:23,0
DA:29,0
DA:30,0
DA:35,0
DA:36,0
DA:40,0
DA:41,0
DA:45,0
DA:46,0
DA:50,0
DA:51,0
DA:55,0
DA:56,0
DA:60,0
DA:61,0
DA:65,0
DA:66,0
DA:70,0
DA:71,0
DA:75,0
DA:76,0
DA:80,0
DA:81,0
DA:85,0
DA:86,0
DA:90,0
DA:91,0
DA:95,0
DA:96,0
DA:108,10
DA:120,0
DA:121,0
DA:126,0
DA:127,0
DA:131,0
DA:132,0
DA:136,0
DA:137,0
DA:141,0
DA:142,0
DA:146,0
DA:147,0
DA:151,0
DA:152,0
DA:156,0
DA:157,0
DA:161,0
DA:162,0
DA:168,0
DA:169,0
DA:174,0
DA:175,0
DA:179,0
DA:180,0
DA:184,0
DA:185,0
DA:189,0
DA:190,0
DA:194,0
DA:195,0
DA:199,0
DA:203,0
LF:62
LH:1
end_of_record
SF:C:\Users\felip_0vh5fa6\.puro\shared\pub_cache\hosted\pub.dev\test_core-0.5.9\lib\src\runner\util\iterable_set.dart
DA:22,0
DA:23,0
DA:25,0
DA:26,0
DA:29,0
DA:31,0
DA:32,0
DA:34,0
DA:36,0
DA:37,0
DA:42,0
DA:43,0
LF:12
LH:0
end_of_record
SF:C:\Users\felip_0vh5fa6\.puro\shared\pub_cache\hosted\pub.dev\test_core-0.5.9\lib\src\runner\environment.dart
DA:41,0
DA:42,0
DA:44,0
DA:46,0
DA:49,0
DA:52,0
DA:53,0
LF:7
LH:0
end_of_record
SF:C:\Users\felip_0vh5fa6\.puro\shared\pub_cache\hosted\pub.dev\test_core-0.5.9\lib\src\runner\load_exception.dart
DA:14,0
DA:16,0
DA:18,0
DA:19,0
DA:20,0
DA:21,0
DA:23,0
DA:24,0
DA:25,0
DA:26,0
DA:27,0
DA:30,0
DA:31,0
DA:32,0
LF:14
LH:0
end_of_record
SF:C:\Users\felip_0vh5fa6\.puro\shared\pub_cache\hosted\pub.dev\test_core-0.5.9\lib\src\util\errors.dart
DA:7,0
DA:13,0
DA:14,0
LF:3
LH:0
end_of_record
SF:C:\Users\felip_0vh5fa6\.puro\shared\pub_cache\hosted\pub.dev\test_api-0.6.1\lib\src\backend\metadata.dart
DA:24,0
DA:33,0
DA:40,20
DA:44,30
DA:51,0
DA:76,10
DA:78,10
DA:80,0
DA:81,0
DA:82,0
DA:83,0
DA:84,0
DA:85,0
DA:86,0
DA:88,0
DA:95,0
DA:99,0
DA:100,0
DA:102,0
DA:107,0
DA:109,0
DA:113,0
DA:115,0
DA:120,0
DA:126,10
DA:128,0
DA:129,0
DA:130,0
DA:134,0
DA:135,0
DA:138,0
DA:148,10
DA:161,20
DA:176,0
DA:177,10
DA:178,10
DA:183,10
DA:184,30
DA:185,0
DA:186,0
DA:189,20
DA:190,0
DA:196,10
DA:214,20
DA:216,10
DA:217,10
DA:218,0
DA:219,10
DA:226,10
DA:238,0
DA:240,0
DA:244,10
DA:245,10
DA:246,10
DA:248,0
DA:249,0
DA:252,0
DA:254,10
DA:258,10
DA:259,10
DA:261,0
DA:262,20
DA:263,10
DA:264,10
DA:265,10
DA:266,10
DA:267,10
DA:268,20
DA:269,10
DA:270,20
DA:271,0
DA:272,0
DA:274,20
DA:275,0
DA:276,0
DA:278,10
DA:281,10
DA:282,10
DA:283,10
DA:284,10
DA:285,0
DA:286,0
DA:291,10
DA:292,10
DA:293,10
DA:294,10
DA:295,10
DA:297,10
DA:299,0
DA:300,0
DA:307,10
DA:308,20
DA:309,20
DA:310,0
DA:311,0
DA:320,20
DA:321,30
DA:322,30
DA:323,20
DA:324,20
DA:325,20
DA:326,20
DA:327,20
DA:328,30
DA:329,30
DA:330,0
DA:331,30
DA:332,0
DA:334,20
DA:337,0
DA:349,0
DA:350,0
DA:351,0
DA:352,0
DA:353,0
DA:354,0
DA:355,0
DA:356,0
DA:357,0
DA:358,0
DA:359,0
DA:360,0
DA:376,10
DA:377,20
DA:380,0
DA:381,0
DA:382,0
DA:384,0
DA:389,10
DA:391,10
DA:392,20
DA:393,0
DA:396,10
DA:397,20
DA:398,20
DA:399,10
DA:400,10
DA:401,10
DA:402,10
DA:403,10
DA:404,20
DA:406,20
DA:407,0
DA:408,10
DA:413,10
DA:414,10
DA:415,10
DA:416,10
DA:417,10
LF:149
LH:81
end_of_record
SF:C:\Users\felip_0vh5fa6\.puro\shared\pub_cache\hosted\pub.dev\test_api-0.6.1\lib\src\backend\runtime.dart
DA:80,0
DA:104,0
DA:112,10
DA:122,0
DA:124,0
DA:125,0
DA:126,0
DA:127,0
DA:128,0
DA:129,0
DA:133,10
DA:134,10
DA:136,40
DA:140,0
DA:141,0
DA:143,0
DA:144,0
DA:145,0
DA:146,0
DA:149,0
DA:155,0
DA:156,0
DA:159,0
DA:160,0
DA:161,0
DA:162,0
DA:163,0
DA:164,0
DA:165,0
DA:170,0
DA:171,0
DA:173,0
DA:174,0
DA:175,0
DA:176,0
DA:177,0
DA:178,0
DA:180,0
DA:181,0
DA:185,0
DA:186,0
DA:187,0
DA:188,0
DA:189,0
DA:191,0
DA:192,0
DA:193,0
DA:194,0
DA:195,0
DA:196,0
DA:197,0
DA:205,0
DA:206,0
DA:207,0
DA:208,0
DA:210,0
DA:213,0
DA:214,0
LF:58
LH:4
end_of_record
SF:C:\Users\felip_0vh5fa6\.puro\shared\pub_cache\hosted\pub.dev\test_api-0.6.1\lib\src\backend\suite.dart
DA:24,0
DA:38,10
DA:39,10
DA:44,10
DA:45,10
DA:47,0
DA:54,0
DA:55,0
DA:56,0
DA:57,0
DA:58,0
DA:61,0
LF:12
LH:4
end_of_record
SF:C:\Users\felip_0vh5fa6\.puro\shared\pub_cache\hosted\pub.dev\test_api-0.6.1\lib\src\backend\suite_platform.dart
DA:34,10
DA:40,0
DA:41,20
DA:42,0
DA:44,40
DA:45,0
DA:46,0
DA:52,10
DA:54,30
DA:55,10
DA:56,20
DA:58,20
DA:59,10
DA:64,0
DA:65,0
DA:66,0
DA:67,0
DA:68,0
LF:18
LH:9
end_of_record
SF:C:\Users\felip_0vh5fa6\.puro\shared\pub_cache\hosted\pub.dev\test_core-0.5.9\lib\src\util\async.dart
DA:14,0
DA:15,0
DA:16,0
DA:18,0
DA:19,0
DA:21,0
DA:22,0
DA:23,0
DA:24,0
DA:25,0
DA:26,0
DA:27,0
DA:31,0
DA:34,0
LF:14
LH:0
end_of_record
SF:C:\Users\felip_0vh5fa6\.puro\shared\pub_cache\hosted\pub.dev\test_core-0.5.9\lib\src\util\io.dart
DA:26,0
DA:29,0
DA:31,0
DA:32,0
DA:36,0
DA:39,0
DA:42,0
DA:45,0
DA:52,0
DA:53,0
DA:55,0
DA:56,0
DA:59,0
DA:60,0
DA:61,0
DA:62,0
DA:63,0
DA:69,0
DA:70,0
DA:72,0
DA:77,0
DA:80,0
DA:87,0
DA:88,0
DA:89,0
DA:94,0
DA:95,0
DA:101,0
DA:104,0
DA:105,0
DA:115,0
DA:116,0
DA:117,0
DA:118,0
DA:119,0
DA:128,0
DA:129,0
DA:130,0
DA:132,0
DA:133,0
DA:134,0
DA:135,0
DA:136,0
DA:137,0
DA:138,0
DA:140,0
DA:141,0
DA:142,0
DA:145,0
DA:146,0
DA:149,0
DA:150,0
DA:161,0
DA:162,0
DA:164,0
DA:176,0
DA:179,0
DA:180,0
DA:194,0
DA:198,0
DA:200,0
DA:201,0
DA:202,0
DA:207,0
DA:208,0
DA:209,0
DA:219,0
DA:221,0
DA:222,0
DA:223,0
DA:225,0
DA:226,0
DA:235,0
DA:239,0
DA:241,0
DA:242,0
DA:243,0
DA:244,0
DA:245,0
LF:79
LH:0
end_of_record
SF:C:\Users\felip_0vh5fa6\.puro\shared\pub_cache\hosted\pub.dev\test_core-0.5.9\lib\src\util\pair.dart
DA:10,0
DA:12,0
DA:13,0
DA:15,0
DA:17,0
DA:18,0
DA:21,0
DA:22,0
LF:8
LH:0
end_of_record
SF:C:\Users\felip_0vh5fa6\.puro\shared\pub_cache\hosted\pub.dev\test_core-0.5.9\lib\src\runner\plugin\environment.dart
DA:15,0
DA:16,0
DA:18,20
DA:20,0
DA:23,0
DA:26,0
DA:27,0
LF:7
LH:1
end_of_record
SF:C:\Users\felip_0vh5fa6\.puro\shared\pub_cache\hosted\pub.dev\test_core-0.5.9\lib\src\runner\suite.dart
DA:36,0
DA:47,0
DA:66,0
DA:70,0
DA:75,0
DA:79,0
DA:111,0
DA:113,0
DA:130,0
DA:131,0
DA:132,0
DA:133,0
DA:135,0
DA:150,0
DA:152,0
DA:174,0
DA:187,0
DA:196,0
DA:203,0
DA:225,0
DA:247,0
DA:248,0
DA:251,0
DA:252,0
DA:255,0
DA:256,0
DA:262,0
DA:280,0
DA:281,0
DA:282,0
DA:283,0
DA:284,0
DA:286,0
DA:290,0
DA:291,0
DA:292,0
DA:293,0
DA:294,0
DA:295,0
DA:296,0
DA:312,0
DA:314,0
DA:315,0
DA:320,0
DA:321,0
DA:322,0
DA:330,0
DA:331,0
DA:332,0
DA:333,0
DA:335,0
DA:337,0
DA:339,0
DA:340,0
DA:341,0
DA:342,0
DA:344,0
DA:345,0
DA:346,0
DA:347,0
DA:348,0
DA:349,0
DA:350,0
DA:351,0
DA:352,0
DA:359,0
DA:381,0
DA:383,0
DA:385,0
DA:386,0
DA:387,0
DA:388,0
DA:389,0
DA:390,0
DA:391,0
DA:392,0
DA:393,0
DA:394,0
DA:395,0
DA:396,0
DA:404,0
DA:405,0
DA:415,0
DA:416,0
DA:417,0
DA:418,0
DA:420,0
DA:421,0
DA:422,0
DA:423,0
DA:424,0
DA:425,0
DA:426,0
DA:427,0
DA:428,0
DA:429,0
DA:430,0
DA:431,0
DA:435,0
DA:437,0
DA:438,0
DA:440,0
DA:442,0
DA:444,0
DA:445,0
DA:446,0
DA:447,0
DA:449,0
DA:455,0
DA:456,0
DA:457,0
DA:463,0
DA:464,0
DA:467,0
DA:468,0
DA:469,0
DA:471,0
DA:478,0
DA:480,0
DA:481,0
DA:483,0
DA:486,0
DA:489,0
DA:490,0
DA:491,0
DA:492,0
DA:495,0
DA:496,0
LF:128
LH:0
end_of_record
SF:C:\Users\felip_0vh5fa6\.puro\shared\pub_cache\hosted\pub.dev\test_core-0.5.9\lib\src\runner\reporter.dart
DA:26,0
DA:29,0
LF:2
LH:0
end_of_record
SF:C:\Users\felip_0vh5fa6\.puro\shared\pub_cache\hosted\pub.dev\test_core-0.5.9\lib\src\runner\reporter\expanded.dart
DA:100,0
DA:104,0
DA:107,0
DA:120,0
DA:124,0
DA:127,0
DA:129,0
DA:130,0
DA:132,0
DA:134,0
DA:135,0
DA:139,0
DA:141,0
DA:143,0
DA:145,0
DA:146,0
DA:150,0
DA:151,0
DA:152,0
DA:154,0
DA:158,0
DA:159,0
DA:160,0
DA:164,0
DA:169,0
DA:170,0
DA:171,0
DA:172,0
DA:173,0
DA:174,0
DA:177,0
DA:180,0
DA:181,0
DA:183,0
DA:184,0
DA:185,0
DA:186,0
DA:187,0
DA:192,0
DA:193,0
DA:197,0
DA:198,0
DA:203,0
DA:204,0
DA:205,0
DA:206,0
DA:209,0
DA:211,0
DA:213,0
DA:214,0
DA:215,0
DA:216,0
DA:221,0
DA:224,0
DA:225,0
DA:233,0
DA:234,0
DA:240,0
DA:241,0
DA:243,0
DA:244,0
DA:245,0
DA:247,0
DA:248,0
DA:249,0
DA:251,0
DA:254,0
DA:255,0
DA:256,0
DA:257,0
DA:268,0
DA:270,0
DA:271,0
DA:272,0
DA:273,0
DA:275,0
DA:279,0
DA:280,0
DA:281,0
DA:282,0
DA:283,0
DA:285,0
DA:287,0
DA:288,0
DA:291,0
DA:292,0
DA:293,0
DA:294,0
DA:295,0
DA:297,0
DA:298,0
DA:299,0
DA:300,0
DA:301,0
DA:304,0
DA:305,0
DA:306,0
DA:307,0
DA:308,0
DA:311,0
DA:312,0
DA:313,0
DA:314,0
DA:316,0
DA:320,0
DA:321,0
DA:322,0
DA:329,0
DA:330,0
DA:332,0
DA:333,0
DA:334,0
DA:335,0
DA:338,0
DA:339,0
DA:340,0
DA:343,0
LF:117
LH:0
end_of_record
SF:C:\Users\felip_0vh5fa6\.puro\shared\pub_cache\hosted\pub.dev\test_core-0.5.9\lib\src\util\pretty_print.dart
DA:6,0
DA:9,0
DA:12,0
DA:16,0
DA:19,0
DA:20,0
DA:21,0
DA:23,0
DA:25,0
DA:26,0
DA:28,0
DA:29,0
DA:36,0
DA:38,0
DA:41,0
DA:42,0
DA:43,0
DA:44,0
DA:46,0
DA:47,0
DA:48,0
DA:49,0
DA:50,0
DA:52,0
DA:53,0
DA:54,0
DA:55,0
DA:56,0
DA:57,0
DA:59,0
DA:65,0
DA:66,0
DA:67,0
DA:68,0
DA:70,0
LF:35
LH:0
end_of_record
SF:C:\Users\felip_0vh5fa6\.puro\shared\pub_cache\hosted\pub.dev\test_core-0.5.9\lib\src\runner\runtime_selection.dart
DA:17,0
DA:19,0
DA:21,0
DA:23,0
DA:24,0
LF:5
LH:0
end_of_record
SF:C:\Users\felip_0vh5fa6\.puro\shared\pub_cache\hosted\pub.dev\test_api-0.6.1\lib\src\backend\platform_selector.dart
DA:14,0
DA:15,0
DA:16,0
DA:17,0
DA:18,0
DA:19,0
DA:20,0
DA:21,0
DA:22,0
DA:23,0
DA:24,0
DA:47,0
DA:49,0
DA:52,10
DA:58,0
DA:59,0
DA:62,0
DA:63,0
DA:64,0
DA:71,10
DA:74,0
DA:75,0
DA:76,0
DA:77,0
DA:78,0
DA:82,10
DA:83,20
DA:85,0
DA:86,0
DA:87,0
DA:88,0
DA:90,0
DA:91,0
DA:92,0
DA:93,0
DA:94,0
DA:95,0
DA:96,0
DA:102,10
DA:103,10
DA:104,0
DA:107,0
DA:108,0
DA:110,10
DA:112,40
DA:114,0
DA:115,0
LF:47
LH:8
end_of_record
SF:C:\Users\felip_0vh5fa6\.puro\shared\pub_cache\hosted\pub.dev\meta-1.11.0\lib\meta.dart
DA:394,10
DA:413,10
DA:435,10
DA:448,0
DA:452,10
DA:456,10
DA:467,10
DA:471,10
DA:475,10
DA:479,10
DA:483,10
DA:487,10
DA:491,10
DA:501,10
DA:511,10
DA:515,10
DA:528,10
DA:532,10
DA:542,10
DA:550,10
DA:554,10
DA:559,10
DA:563,10
DA:567,10
LF:24
LH:23
end_of_record
SF:C:\Users\felip_0vh5fa6\.puro\shared\pub_cache\hosted\pub.dev\test_api-0.6.1\lib\src\backend\declarer.dart
DA:93,30
DA:107,30
DA:134,10
DA:142,10
DA:145,0
DA:153,10
DA:168,10
DA:169,20
DA:172,10
DA:180,10
DA:182,10
DA:183,10
DA:187,10
DA:193,10
DA:194,20
DA:195,20
DA:196,30
DA:197,10
DA:200,10
DA:201,10
DA:207,20
DA:208,10
DA:209,0
DA:213,20
DA:214,10
DA:215,10
DA:219,10
DA:220,10
DA:223,0
DA:228,10
DA:236,10
DA:238,10
DA:239,10
DA:243,10
DA:249,10
DA:250,20
DA:251,20
DA:252,10
DA:254,10
DA:258,10
DA:259,10
DA:261,10
DA:262,10
DA:263,10
DA:264,20
DA:267,10
DA:268,10
DA:269,0
DA:271,20
DA:273,10
DA:274,0
DA:279,40
DA:282,0
DA:283,0
DA:284,0
DA:288,0
DA:289,0
DA:290,0
DA:294,0
DA:295,0
DA:296,0
DA:297,0
DA:301,0
DA:302,0
DA:303,0
DA:304,0
DA:309,0
DA:310,0
DA:316,10
DA:317,10
DA:319,10
DA:320,30
DA:321,10
DA:322,0
DA:323,0
DA:324,0
DA:325,0
DA:326,0
DA:329,10
DA:331,20
DA:332,10
DA:333,10
DA:334,10
DA:335,10
DA:341,10
DA:342,10
DA:343,0
DA:350,10
DA:351,30
DA:353,20
DA:357,10
DA:358,20
DA:360,0
DA:361,0
DA:362,0
DA:363,0
DA:366,0
DA:367,0
DA:371,10
DA:374,40
DA:376,0
DA:377,0
DA:378,0
DA:381,0
DA:382,0
DA:385,10
DA:386,20
DA:387,0
DA:389,20
DA:397,0
DA:399,0
DA:400,0
LF:112
LH:70
end_of_record
SF:C:\Users\felip_0vh5fa6\.puro\shared\pub_cache\hosted\pub.dev\test_core-0.5.9\lib\src\util\os.dart
DA:11,0
DA:12,0
DA:13,0
DA:14,0
DA:15,0
DA:16,0
DA:25,0
DA:26,0
DA:27,0
DA:28,0
DA:30,0
LF:11
LH:0
end_of_record
SF:C:\Users\felip_0vh5fa6\.puro\shared\pub_cache\hosted\pub.dev\test_core-0.5.9\lib\src\util\print_sink.dart
DA:8,0
DA:10,0
DA:11,0
DA:14,0
DA:16,0
DA:17,0
DA:20,0
DA:22,0
DA:23,0
DA:26,0
DA:28,0
DA:29,0
DA:33,0
DA:34,0
DA:35,0
DA:36,0
LF:16
LH:0
end_of_record
SF:C:\Users\felip_0vh5fa6\.puro\shared\pub_cache\hosted\pub.dev\test_api-0.6.1\lib\src\backend\compiler.dart
DA:44,10
DA:45,40
DA:49,0
DA:51,0
DA:52,0
LF:5
LH:2
end_of_record
SF:C:\Users\felip_0vh5fa6\.puro\shared\pub_cache\hosted\pub.dev\test_api-0.6.1\lib\src\backend\operating_system.dart
DA:44,10
DA:45,40
DA:46,0
DA:52,0
DA:53,0
DA:54,0
DA:55,0
DA:56,0
DA:57,0
DA:68,0
DA:70,10
DA:72,0
DA:73,0
LF:13
LH:3
end_of_record
SF:C:\Users\felip_0vh5fa6\.puro\shared\pub_cache\hosted\pub.dev\test_api-0.6.1\lib\hooks.dart
DA:21,10
DA:22,10
DA:23,0
DA:24,10
DA:25,10
DA:28,0
DA:32,10
DA:34,0
DA:42,0
DA:48,0
DA:49,0
DA:50,0
DA:57,0
DA:58,0
DA:59,0
DA:64,0
DA:65,0
DA:72,0
DA:73,0
DA:75,0
DA:76,0
DA:77,0
DA:78,0
LF:23
LH:5
end_of_record
SF:C:\Users\felip_0vh5fa6\.puro\shared\pub_cache\hosted\pub.dev\test_api-0.6.1\lib\src\backend\remote_exception.dart
DA:32,0
DA:34,0
DA:38,0
DA:39,0
DA:44,0
DA:46,0
DA:48,0
DA:50,0
DA:51,0
DA:59,0
DA:60,0
DA:61,0
DA:65,0
DA:66,0
DA:67,0
DA:68,0
DA:70,0
DA:71,0
DA:72,0
DA:76,0
DA:78,0
DA:79,0
DA:87,0
DA:88,0
LF:24
LH:0
end_of_record
SF:C:\Users\felip_0vh5fa6\.puro\shared\pub_cache\hosted\pub.dev\test_api-0.6.1\lib\src\backend\remote_listener.dart
DA:46,10
DA:54,10
DA:55,20
DA:59,0
DA:60,10
DA:61,0
DA:62,0
DA:65,10
DA:66,30
DA:67,20
DA:70,10
DA:71,0
DA:72,0
DA:75,0
DA:79,10
DA:80,0
DA:85,20
DA:86,10
DA:87,30
DA:89,30
DA:90,0
DA:91,0
DA:95,0
DA:96,0
DA:97,0
DA:100,20
DA:101,20
DA:102,10
DA:103,10
DA:105,20
DA:106,10
DA:107,10
DA:110,10
DA:112,20
DA:113,20
DA:114,20
DA:117,0
DA:120,10
DA:122,10
DA:123,10
DA:124,20
DA:125,10
DA:126,10
DA:129,20
DA:130,10
DA:131,30
DA:136,10
DA:137,0
DA:138,0
DA:142,10
DA:147,10
DA:149,10
DA:150,0
DA:156,0
DA:157,0
DA:161,0
DA:163,0
DA:165,0
DA:167,0
DA:168,0
DA:172,10
DA:176,10
DA:177,30
DA:179,40
DA:186,10
DA:188,20
DA:189,10
DA:191,10
DA:192,20
DA:193,10
DA:195,0
DA:196,0
DA:197,0
DA:198,0
DA:199,20
DA:200,20
DA:201,30
DA:202,10
DA:203,10
DA:204,10
DA:205,10
DA:213,10
DA:217,10
DA:218,30
DA:219,30
DA:220,30
DA:221,30
DA:224,10
DA:226,10
DA:227,20
DA:228,10
DA:230,0
DA:231,0
DA:232,0
DA:233,0
DA:234,10
DA:239,10
DA:240,20
DA:241,0
DA:242,0
DA:245,30
DA:246,30
DA:248,20
DA:249,20
DA:253,20
DA:254,0
DA:256,0
DA:257,0
DA:258,0
DA:259,0
DA:263,20
DA:264,0
DA:265,0
DA:267,0
DA:268,0
DA:272,20
DA:273,60
DA:274,10
LF:118
LH:76
end_of_record
SF:C:\Users\felip_0vh5fa6\.puro\shared\pub_cache\hosted\pub.dev\test_api-0.6.1\lib\src\backend\stack_trace_formatter.dart
DA:13,30
DA:34,10
DA:35,30
DA:41,10
DA:42,30
DA:50,10
DA:52,0
DA:53,0
DA:54,0
DA:63,0
DA:64,0
DA:67,0
DA:70,0
DA:71,0
DA:72,0
LF:15
LH:6
end_of_record
SF:C:\Users\felip_0vh5fa6\.puro\shared\pub_cache\hosted\pub.dev\test_api-0.6.1\lib\src\backend\closed_exception.dart
DA:8,0
DA:10,0
LF:2
LH:0
end_of_record
SF:C:\Users\felip_0vh5fa6\.puro\shared\pub_cache\hosted\pub.dev\test_api-0.6.1\lib\src\backend\test_failure.dart
DA:9,0
DA:11,0
DA:12,0
LF:3
LH:0
end_of_record
SF:C:\Users\felip_0vh5fa6\.puro\shared\pub_cache\hosted\pub.dev\test_api-0.6.1\lib\src\scaffolding\utils.dart
DA:16,0
DA:17,0
DA:19,0
DA:23,0
DA:27,0
DA:36,0
DA:37,0
DA:45,0
DA:47,0
DA:48,0
DA:49,0
LF:11
LH:0
end_of_record
SF:C:\Users\felip_0vh5fa6\.puro\shared\pub_cache\hosted\pub.dev\test_api-0.6.1\lib\src\backend\configuration\on_platform.dart
DA:16,0
LF:1
LH:0
end_of_record
SF:C:\Users\felip_0vh5fa6\.puro\shared\pub_cache\hosted\pub.dev\test_api-0.6.1\lib\src\backend\configuration\retry.dart
DA:17,0
LF:1
LH:0
end_of_record
SF:C:\Users\felip_0vh5fa6\.puro\shared\pub_cache\hosted\pub.dev\test_api-0.6.1\lib\src\backend\configuration\skip.dart
DA:17,0
LF:1
LH:0
end_of_record
SF:C:\Users\felip_0vh5fa6\.puro\shared\pub_cache\hosted\pub.dev\test_api-0.6.1\lib\src\backend\configuration\tags.dart
DA:15,0
DA:20,0
LF:2
LH:0
end_of_record
SF:C:\Users\felip_0vh5fa6\.puro\shared\pub_cache\hosted\pub.dev\test_api-0.6.1\lib\src\backend\configuration\test_on.dart
DA:17,0
LF:1
LH:0
end_of_record
SF:C:\Users\felip_0vh5fa6\.puro\shared\pub_cache\hosted\pub.dev\test_api-0.6.1\lib\src\backend\configuration\timeout.dart
DA:13,0
DA:16,0
DA:19,0
DA:48,10
DA:51,20
DA:53,10
DA:71,0
DA:72,0
DA:75,0
DA:76,0
DA:81,0
DA:82,0
DA:85,0
DA:86,0
DA:87,0
DA:94,0
DA:95,0
DA:97,0
DA:100,0
DA:101,0
DA:104,0
DA:105,0
DA:109,0
DA:110,0
DA:111,0
DA:112,0
DA:113,0
DA:114,0
DA:115,0
DA:116,0
DA:125,10
DA:126,20
DA:127,10
DA:128,10
DA:129,40
DA:135,10
DA:136,10
DA:137,30
DA:140,0
DA:141,0
DA:143,10
DA:145,10
DA:146,30
DA:147,30
DA:149,0
DA:151,0
DA:152,0
LF:47
LH:15
end_of_record
SF:C:\Users\felip_0vh5fa6\.puro\shared\pub_cache\hosted\pub.dev\test_api-0.6.1\lib\src\scaffolding\spawn_hybrid.dart
DA:23,0
DA:24,0
DA:25,0
DA:26,0
DA:27,0
DA:30,0
DA:31,0
DA:34,0
DA:35,0
DA:36,0
DA:39,0
DA:42,0
DA:43,0
DA:92,0
DA:97,0
DA:99,0
DA:100,0
DA:101,0
DA:103,0
DA:146,0
DA:148,0
DA:150,0
DA:154,0
DA:155,0
DA:157,0
DA:161,0
DA:163,0
DA:165,0
DA:169,0
DA:173,0
DA:174,0
DA:175,0
DA:178,0
LF:33
LH:0
end_of_record
SF:C:\Users\felip_0vh5fa6\.puro\shared\pub_cache\hosted\pub.dev\test_api-0.6.1\lib\src\scaffolding\test_structure.dart
DA:15,0
DA:72,0
DA:81,0
DA:150,0
DA:159,0
DA:186,0
DA:201,0
DA:214,0
DA:215,0
DA:216,0
DA:219,0
DA:235,0
DA:248,0
DA:249,0
LF:14
LH:0
end_of_record
SF:C:\Users\felip_0vh5fa6\.puro\shared\pub_cache\hosted\pub.dev\meta-1.11.0\lib\meta_meta.dart
DA:27,80
DA:122,10
DA:125,0
DA:127,0
DA:128,0
LF:5
LH:2
end_of_record
SF:C:\Users\felip_0vh5fa6\.puro\shared\pub_cache\hosted\pub.dev\test_api-0.6.1\lib\src\backend\util\pretty_print.dart
DA:9,0
DA:10,0
DA:12,0
DA:20,0
DA:21,0
DA:23,0
DA:24,0
DA:25,0
DA:29,0
DA:30,0
DA:31,0
DA:32,0
DA:34,0
DA:35,0
DA:37,0
DA:38,0
DA:39,0
DA:40,0
DA:41,0
DA:44,0
LF:20
LH:0
end_of_record
SF:C:\Users\felip_0vh5fa6\.puro\shared\pub_cache\hosted\pub.dev\test_api-0.6.1\lib\src\backend\util\identifier_regex.dart
DA:9,0
LF:1
LH:0
end_of_record
SF:C:\Users\felip_0vh5fa6\.puro\shared\pub_cache\hosted\pub.dev\term_glyph-1.2.1\lib\term_glyph.dart
DA:21,0
DA:22,0
DA:28,0
DA:30,10
DA:36,0
DA:37,0
LF:6
LH:1
end_of_record
SF:C:\Users\felip_0vh5fa6\.puro\shared\pub_cache\hosted\pub.dev\test_api-0.6.1\lib\src\backend\suite_channel_manager.dart
DA:21,0
DA:22,0
DA:23,0
DA:24,0
DA:25,0
DA:27,0
DA:28,0
DA:29,0
DA:30,0
DA:35,0
DA:36,0
DA:37,0
DA:38,0
DA:39,0
DA:41,0
LF:15
LH:0
end_of_record
SF:C:\Users\felip_0vh5fa6\.puro\shared\pub_cache\hosted\pub.dev\test_api-0.6.1\lib\src\utils.dart
DA:6,0
DA:8,0
DA:9,0
DA:10,0
DA:12,0
DA:13,0
DA:14,0
DA:16,0
DA:17,0
DA:18,0
DA:19,0
DA:22,0
DA:25,0
LF:13
LH:0
end_of_record
SF:C:\Users\felip_0vh5fa6\.puro\shared\pub_cache\hosted\pub.dev\matcher-0.12.16\lib\src\expect\expect.dart
DA:51,10
DA:56,10
DA:71,0
DA:73,0
DA:76,10
DA:78,10
DA:79,0
DA:80,0
DA:81,0
DA:83,0
DA:87,0
DA:88,0
DA:91,10
DA:92,0
DA:94,0
DA:95,0
DA:97,0
DA:99,0
DA:100,0
DA:103,0
DA:104,0
DA:107,10
DA:109,8
DA:110,8
DA:112,16
DA:113,8
DA:119,8
DA:120,0
DA:121,8
DA:122,0
DA:123,0
DA:125,0
DA:127,0
DA:130,0
DA:133,16
DA:136,10
DA:138,10
DA:139,20
DA:142,0
DA:144,0
DA:149,0
DA:152,0
DA:155,0
DA:156,0
DA:157,0
DA:158,0
DA:159,0
DA:160,0
LF:48
LH:16
end_of_record
SF:C:\Users\felip_0vh5fa6\.puro\shared\pub_cache\hosted\pub.dev\matcher-0.12.16\lib\src\expect\expect_async.dart
DA:76,0
DA:81,0
DA:83,0
DA:84,0
DA:86,0
DA:87,0
DA:88,0
DA:91,0
DA:92,0
DA:96,0
DA:97,0
DA:98,0
DA:100,0
DA:108,0
DA:109,0
DA:113,0
DA:115,0
DA:116,0
DA:118,0
DA:119,0
DA:120,0
DA:121,0
DA:126,0
DA:127,0
DA:128,0
DA:130,0
DA:131,0
DA:132,0
DA:133,0
DA:134,0
DA:135,0
DA:137,0
DA:138,0
DA:144,0
DA:146,0
DA:148,0
DA:150,0
DA:154,0
DA:156,0
DA:161,0
DA:163,0
DA:169,0
DA:171,0
DA:178,0
DA:181,0
DA:186,0
DA:187,0
DA:188,0
DA:189,0
DA:190,0
DA:191,0
DA:192,0
DA:193,0
DA:196,0
DA:198,0
DA:203,0
DA:204,0
DA:205,0
DA:206,0
DA:210,0
DA:211,0
DA:219,0
DA:222,0
DA:245,0
DA:247,0
DA:270,0
DA:272,0
DA:295,0
DA:297,0
DA:320,0
DA:322,0
DA:345,0
DA:351,0
DA:374,0
DA:380,0
DA:403,0
DA:409,0
DA:415,0
DA:418,0
DA:419,0
DA:438,0
DA:440,0
DA:442,0
DA:461,0
DA:464,0
DA:466,0
DA:485,0
DA:488,0
DA:490,0
DA:509,0
DA:512,0
DA:514,0
DA:533,0
DA:536,0
DA:538,0
DA:557,0
DA:560,0
DA:562,0
DA:581,0
DA:584,0
DA:586,0
LF:101
LH:0
end_of_record
SF:C:\Users\felip_0vh5fa6\.puro\shared\pub_cache\hosted\pub.dev\matcher-0.12.16\lib\src\expect\throws_matcher.dart
DA:63,12
DA:70,24
DA:74,8
DA:76,8
DA:80,8
DA:81,0
DA:86,8
DA:87,0
DA:88,0
DA:91,0
DA:93,8
DA:99,0
DA:103,0
DA:105,0
DA:109,0
DA:111,0
DA:112,0
DA:114,0
DA:120,8
DA:121,8
DA:123,8
DA:124,16
DA:126,0
DA:127,0
DA:128,0
DA:130,0
DA:131,0
DA:133,0
DA:134,0
DA:137,0
DA:138,0
LF:31
LH:11
end_of_record
SF:C:\Users\felip_0vh5fa6\.puro\shared\pub_cache\hosted\pub.dev\term_glyph-1.2.1\lib\src\generated\ascii_glyph_set.dart
DA:11,10
DA:15,0
DA:17,0
DA:19,0
DA:21,0
DA:23,0
DA:25,0
DA:27,0
DA:29,0
DA:31,0
DA:33,0
DA:35,0
DA:37,0
DA:39,0
DA:41,0
DA:43,0
DA:45,0
DA:47,0
DA:49,0
DA:51,0
DA:53,0
DA:55,0
DA:57,0
DA:59,0
DA:61,0
DA:63,0
DA:65,0
DA:67,0
DA:69,0
DA:71,0
DA:73,0
DA:75,0
DA:77,0
DA:79,0
DA:81,0
DA:83,0
DA:85,0
DA:87,0
DA:89,0
DA:91,0
DA:93,0
DA:95,0
DA:97,0
DA:99,0
DA:101,0
DA:103,0
DA:105,0
DA:107,0
DA:109,0
DA:111,0
DA:113,0
DA:115,0
DA:117,0
DA:119,0
DA:121,0
DA:123,0
DA:125,0
DA:127,0
DA:129,0
DA:131,0
DA:133,0
DA:135,0
LF:62
LH:1
end_of_record
SF:C:\Users\felip_0vh5fa6\.puro\shared\pub_cache\hosted\pub.dev\term_glyph-1.2.1\lib\src\generated\top_level.dart
DA:13,0
DA:22,0
DA:31,0
DA:37,0
DA:43,0
DA:49,0
DA:55,0
DA:61,0
DA:67,0
DA:73,0
DA:79,0
DA:85,0
DA:91,0
DA:97,0
DA:103,0
DA:109,0
DA:115,0
DA:121,0
DA:127,0
DA:133,0
DA:139,0
DA:145,0
DA:151,0
DA:157,0
DA:163,0
DA:169,0
DA:175,0
DA:181,0
DA:187,0
DA:193,0
DA:199,0
DA:205,0
DA:211,0
DA:217,0
DA:223,0
DA:229,0
DA:235,0
DA:241,0
DA:247,0
DA:253,0
DA:259,0
DA:265,0
DA:271,0
DA:277,0
DA:283,0
DA:289,0
DA:295,0
DA:301,0
DA:307,0
DA:313,0
DA:314,0
DA:320,0
DA:326,0
DA:327,0
DA:333,0
DA:339,0
DA:340,0
DA:346,0
DA:352,0
DA:353,0
DA:359,0
DA:360,0
DA:366,0
DA:367,0
DA:373,0
DA:379,0
DA:380,0
LF:67
LH:0
end_of_record
SF:C:\Users\felip_0vh5fa6\.puro\shared\pub_cache\hosted\pub.dev\term_glyph-1.2.1\lib\src\generated\unicode_glyph_set.dart
DA:11,10
DA:15,0
DA:17,0
DA:19,0
DA:21,0
DA:23,0
DA:25,0
DA:27,0
DA:29,0
DA:31,0
DA:33,0
DA:35,0
DA:37,0
DA:39,0
DA:41,0
DA:43,0
DA:45,0
DA:47,0
DA:49,0
DA:51,0
DA:53,0
DA:55,0
DA:57,0
DA:59,0
DA:61,0
DA:63,0
DA:65,0
DA:67,0
DA:69,0
DA:71,0
DA:73,0
DA:75,0
DA:77,0
DA:79,0
DA:81,0
DA:83,0
DA:85,0
DA:87,0
DA:89,0
DA:91,0
DA:93,0
DA:95,0
DA:97,0
DA:99,0
DA:101,0
DA:103,0
DA:105,0
DA:107,0
DA:109,0
DA:111,0
DA:113,0
DA:115,0
DA:117,0
DA:119,0
DA:121,0
DA:123,0
DA:125,0
DA:127,0
DA:129,0
DA:131,0
DA:133,0
DA:135,0
LF:62
LH:1
end_of_record
SF:C:\Users\felip_0vh5fa6\.puro\shared\pub_cache\hosted\pub.dev\string_scanner-1.2.0\lib\src\eager_span_scanner.dart
DA:14,0
DA:18,0
DA:19,0
DA:22,0
DA:23,0
DA:26,0
DA:28,0
DA:30,0
DA:32,0
DA:34,0
DA:35,0
DA:39,0
DA:40,0
DA:41,0
DA:44,0
DA:46,0
DA:47,0
DA:49,0
DA:50,0
DA:51,0
DA:52,0
DA:53,0
DA:55,0
DA:58,0
DA:59,0
DA:61,0
DA:62,0
DA:63,0
DA:65,0
DA:66,0
DA:71,0
DA:73,0
DA:75,0
DA:76,0
DA:80,0
DA:82,0
DA:83,0
DA:88,0
DA:89,0
DA:90,0
DA:91,0
DA:93,0
DA:97,0
DA:99,0
DA:100,0
DA:102,0
DA:103,0
DA:104,0
DA:105,0
DA:107,0
DA:115,0
DA:116,0
DA:117,0
DA:132,0
LF:54
LH:0
end_of_record
SF:C:\Users\felip_0vh5fa6\.puro\shared\pub_cache\hosted\pub.dev\string_scanner-1.2.0\lib\src\line_scanner.dart
DA:12,0
DA:17,0
DA:21,0
DA:31,0
DA:32,0
DA:36,0
DA:38,0
DA:39,0
DA:40,0
DA:44,0
DA:45,0
DA:46,0
DA:49,0
DA:51,0
DA:52,0
DA:54,0
DA:55,0
DA:56,0
DA:57,0
DA:58,0
DA:60,0
DA:63,0
DA:64,0
DA:66,0
DA:67,0
DA:68,0
DA:70,0
DA:71,0
DA:76,0
DA:78,0
DA:80,0
DA:81,0
DA:85,0
DA:87,0
DA:88,0
DA:93,0
DA:94,0
DA:95,0
DA:96,0
DA:98,0
DA:102,0
DA:104,0
DA:106,0
DA:107,0
DA:108,0
DA:109,0
DA:111,0
DA:119,0
DA:120,0
DA:121,0
DA:140,0
LF:51
LH:0
end_of_record
SF:C:\Users\felip_0vh5fa6\.puro\shared\pub_cache\hosted\pub.dev\string_scanner-1.2.0\lib\src\span_scanner.dart
DA:22,0
DA:23,0
DA:24,0
DA:25,0
DA:27,0
DA:28,0
DA:30,0
DA:32,0
DA:33,0
DA:37,0
DA:44,0
DA:45,0
DA:46,0
DA:52,0
DA:55,0
DA:62,0
DA:63,0
DA:89,0
DA:90,0
DA:91,0
DA:94,0
DA:96,0
DA:97,0
DA:101,0
DA:105,0
DA:107,0
DA:109,0
DA:110,0
DA:111,0
DA:113,0
DA:114,0
DA:125,0
DA:126,0
DA:127,0
DA:128,0
DA:130,0
LF:36
LH:0
end_of_record
SF:C:\Users\felip_0vh5fa6\.puro\shared\pub_cache\hosted\pub.dev\string_scanner-1.2.0\lib\src\utils.dart
DA:8,0
DA:11,0
DA:15,0
DA:16,0
DA:17,0
DA:18,0
DA:23,0
DA:24,0
DA:27,0
DA:28,0
DA:60,0
DA:61,0
DA:62,0
DA:65,0
DA:66,0
DA:69,0
DA:70,0
DA:74,0
DA:75,0
DA:76,0
DA:82,0
DA:83,0
DA:84,0
DA:89,0
DA:90,0
DA:91,0
DA:92,0
DA:93,0
DA:94,0
LF:29
LH:0
end_of_record
SF:C:\Users\felip_0vh5fa6\.puro\shared\pub_cache\hosted\pub.dev\string_scanner-1.2.0\lib\src\exception.dart
DA:11,0
DA:12,0
DA:17,0
DA:19,0
LF:4
LH:0
end_of_record
SF:C:\Users\felip_0vh5fa6\.puro\shared\pub_cache\hosted\pub.dev\string_scanner-1.2.0\lib\src\string_scanner.dart
DA:23,0
DA:24,0
DA:25,0
DA:26,0
DA:29,0
DA:30,0
DA:38,0
DA:41,0
DA:42,0
DA:49,0
DA:52,0
DA:59,0
DA:62,0
DA:63,0
DA:65,0
DA:72,0
DA:73,0
DA:74,0
DA:84,0
DA:86,0
DA:87,0
DA:88,0
DA:98,0
DA:99,0
DA:100,0
DA:101,0
DA:102,0
DA:105,0
DA:109,0
DA:110,0
DA:111,0
DA:126,0
DA:127,0
DA:130,0
DA:132,0
DA:135,0
DA:139,0
DA:150,0
DA:151,0
DA:152,0
DA:154,0
DA:155,0
DA:157,0
DA:158,0
DA:169,0
DA:170,0
DA:171,0
DA:173,0
DA:174,0
DA:176,0
DA:183,0
DA:184,0
DA:186,0
DA:187,0
DA:199,0
DA:200,0
DA:203,0
DA:204,0
DA:205,0
DA:208,0
DA:209,0
DA:212,0
DA:217,0
DA:218,0
DA:219,0
DA:226,0
DA:227,0
DA:228,0
DA:229,0
DA:236,0
DA:237,0
DA:238,0
DA:254,0
DA:255,0
DA:257,0
DA:258,0
DA:259,0
DA:261,0
DA:262,0
DA:263,0
DA:269,0
DA:270,0
LF:82
LH:0
end_of_record
SF:C:\Users\felip_0vh5fa6\.puro\shared\pub_cache\hosted\pub.dev\source_span-1.10.0\lib\src\span_exception.dart
DA:11,0
DA:18,0
DA:21,0
DA:30,0
DA:32,0
DA:33,0
DA:43,0
DA:44,0
DA:46,0
DA:66,0
DA:68,0
DA:80,0
DA:82,0
DA:86,0
DA:89,0
DA:93,0
DA:94,0
DA:98,0
DA:108,0
DA:109,0
DA:111,0
LF:21
LH:0
end_of_record
SF:C:\Users\felip_0vh5fa6\.puro\shared\pub_cache\hosted\pub.dev\string_scanner-1.2.0\lib\src\relative_span_scanner.dart
DA:30,0
DA:32,0
DA:33,0
DA:35,0
DA:37,0
DA:39,0
DA:40,0
DA:41,0
DA:45,0
DA:46,0
DA:48,0
DA:50,0
DA:51,0
DA:55,0
DA:58,0
DA:59,0
DA:62,0
DA:64,0
DA:66,0
DA:67,0
DA:69,0
DA:70,0
DA:71,0
DA:72,0
DA:74,0
DA:76,0
DA:77,0
DA:78,0
DA:81,0
DA:83,0
DA:84,0
DA:88,0
DA:89,0
DA:93,0
DA:95,0
DA:97,0
DA:98,0
DA:99,0
DA:101,0
DA:102,0
DA:103,0
DA:114,0
DA:115,0
DA:116,0
DA:117,0
DA:119,0
LF:46
LH:0
end_of_record
SF:C:\Users\felip_0vh5fa6\.puro\shared\pub_cache\hosted\pub.dev\stream_channel-2.1.2\lib\src\isolate_channel.dart
DA:43,0
DA:47,0
DA:48,0
DA:50,0
DA:51,0
DA:53,0
DA:54,0
DA:55,0
DA:57,0
DA:64,0
DA:66,0
DA:68,0
DA:69,0
DA:70,0
DA:71,0
DA:73,0
DA:74,0
DA:78,0
DA:79,0
DA:80,0
DA:81,0
DA:82,0
DA:97,10
DA:98,10
DA:99,20
DA:100,10
DA:105,10
DA:107,10
DA:108,40
DA:109,20
DA:110,40
DA:111,50
DA:114,10
LF:33
LH:11
end_of_record
SF:C:\Users\felip_0vh5fa6\.puro\shared\pub_cache\hosted\pub.dev\stream_channel-2.1.2\lib\src\close_guarantee_channel.dart
DA:17,0
DA:18,0
DA:21,0
DA:22,0
DA:31,0
DA:32,0
DA:33,0
DA:48,0
DA:50,0
DA:55,0
DA:60,0
DA:62,0
DA:63,0
DA:77,0
DA:79,0
DA:81,0
DA:82,0
DA:83,0
DA:86,0
DA:87,0
LF:20
LH:0
end_of_record
SF:C:\Users\felip_0vh5fa6\.puro\shared\pub_cache\hosted\pub.dev\async-2.11.0\lib\src\delegate\stream_sink.dart
DA:14,0
DA:15,0
DA:18,0
DA:20,0
DA:28,0
DA:31,0
DA:33,0
DA:35,0
DA:38,0
DA:40,0
DA:43,0
DA:44,0
DA:46,0
DA:47,0
LF:14
LH:0
end_of_record
SF:C:\Users\felip_0vh5fa6\.puro\shared\pub_cache\hosted\pub.dev\stream_channel-2.1.2\lib\src\delegating_stream_channel.dart
DA:17,0
DA:18,0
DA:19,0
DA:20,0
DA:22,0
LF:5
LH:0
end_of_record
SF:C:\Users\felip_0vh5fa6\.puro\shared\pub_cache\hosted\pub.dev\stream_channel-2.1.2\lib\src\disconnector.dart
DA:22,0
DA:36,0
DA:37,0
DA:38,0
DA:39,0
DA:43,0
DA:45,0
DA:46,0
DA:48,0
DA:51,0
DA:53,0
DA:66,0
DA:67,0
DA:84,0
DA:86,0
DA:88,0
DA:90,0
DA:91,0
DA:92,0
DA:94,0
DA:96,0
DA:99,0
DA:101,0
DA:102,0
DA:103,0
DA:105,0
DA:107,0
DA:110,0
DA:112,0
DA:113,0
DA:114,0
DA:116,0
DA:118,0
DA:119,0
DA:120,0
DA:121,0
DA:122,0
DA:123,0
DA:127,0
DA:129,0
DA:130,0
DA:133,0
DA:134,0
DA:141,0
DA:142,0
DA:143,0
DA:145,0
DA:146,0
DA:147,0
DA:148,0
LF:50
LH:0
end_of_record
SF:C:\Users\felip_0vh5fa6\.puro\shared\pub_cache\hosted\pub.dev\stream_channel-2.1.2\lib\src\stream_channel_transformer.dart
DA:36,0
DA:43,0
DA:44,0
DA:45,0
DA:54,0
DA:55,0
DA:56,0
DA:57,0
LF:8
LH:0
end_of_record
SF:C:\Users\felip_0vh5fa6\.puro\shared\pub_cache\hosted\pub.dev\stream_channel-2.1.2\lib\src\guarantee_channel.dart
DA:15,10
DA:16,20
DA:18,10
DA:19,10
DA:35,10
DA:37,20
DA:41,10
DA:43,0
DA:46,20
DA:47,10
DA:50,10
DA:52,40
DA:53,20
DA:54,0
DA:55,0
DA:65,0
DA:66,0
DA:67,0
DA:68,0
DA:69,0
DA:84,0
DA:85,0
DA:106,20
DA:114,10
DA:117,10
DA:119,10
DA:120,10
DA:121,0
DA:123,10
DA:125,20
DA:128,0
DA:130,0
DA:131,0
DA:132,0
DA:134,0
DA:136,0
DA:143,0
DA:144,0
DA:145,0
DA:149,0
DA:152,0
DA:153,0
DA:157,0
DA:160,10
DA:162,10
DA:163,10
DA:164,0
DA:166,10
DA:168,20
DA:169,40
DA:170,30
DA:171,30
DA:172,0
DA:173,0
DA:177,0
DA:179,0
DA:180,0
DA:183,0
DA:184,0
DA:186,0
DA:187,0
DA:188,0
DA:191,0
DA:198,0
DA:199,0
DA:200,0
DA:202,0
DA:203,0
DA:204,0
DA:205,0
LF:70
LH:27
end_of_record
SF:C:\Users\felip_0vh5fa6\.puro\shared\pub_cache\hosted\pub.dev\stream_channel-2.1.2\lib\src\json_document_transformer.dart
DA:20,0
DA:24,10
DA:26,0
DA:28,0
DA:29,0
DA:30,0
DA:31,0
DA:32,0
DA:33,0
LF:9
LH:1
end_of_record
SF:C:\Users\felip_0vh5fa6\.puro\shared\pub_cache\hosted\pub.dev\stream_channel-2.1.2\lib\src\multi_channel.dart
DA:63,20
DA:93,10
DA:94,30
DA:95,10
DA:96,30
DA:135,10
DA:138,30
DA:139,40
DA:140,50
DA:141,0
DA:143,60
DA:144,20
DA:148,20
DA:150,20
DA:154,0
DA:155,0
DA:158,20
DA:159,40
DA:165,0
DA:168,10
DA:169,40
DA:172,10
DA:181,10
DA:186,20
DA:187,10
DA:188,20
DA:193,10
DA:194,0
DA:198,20
DA:201,0
DA:202,20
DA:203,20
DA:204,0
DA:206,10
DA:207,20
DA:210,30
DA:211,50
DA:212,0
DA:213,10
DA:214,40
DA:219,0
DA:220,0
DA:221,0
DA:222,0
DA:224,0
DA:228,0
DA:229,0
DA:233,0
DA:234,0
DA:235,0
DA:236,0
DA:240,0
DA:241,0
DA:243,0
DA:269,10
DA:271,0
DA:272,0
LF:57
LH:33
end_of_record
SF:C:\Users\felip_0vh5fa6\.puro\shared\pub_cache\hosted\pub.dev\stream_channel-2.1.2\lib\src\stream_channel_completer.dart
DA:22,0
DA:36,0
DA:37,0
DA:38,0
DA:39,0
DA:42,0
DA:43,0
DA:52,0
DA:53,0
DA:54,0
DA:56,0
DA:57,0
DA:67,0
DA:68,0
DA:69,0
DA:71,0
DA:72,0
LF:17
LH:0
end_of_record
SF:C:\Users\felip_0vh5fa6\.puro\shared\pub_cache\hosted\pub.dev\stream_channel-2.1.2\lib\src\stream_channel_controller.dart
DA:35,20
DA:42,20
DA:55,10
DA:56,10
DA:57,10
DA:58,20
DA:59,20
DA:60,20
DA:61,20
LF:9
LH:9
end_of_record
SF:C:\Users\felip_0vh5fa6\.puro\shared\pub_cache\hosted\pub.dev\stack_trace-1.11.1\lib\src\chain.dart
DA:19,0
DA:50,0
DA:51,0
DA:77,10
DA:83,0
DA:88,10
DA:89,0
DA:90,0
DA:94,0
DA:95,0
DA:97,0
DA:101,0
DA:109,0
DA:110,0
DA:111,0
DA:112,0
DA:120,0
DA:122,0
DA:124,0
DA:132,0
DA:143,0
DA:144,0
DA:146,0
DA:147,0
DA:150,0
DA:151,0
DA:152,0
DA:164,0
DA:165,0
DA:166,0
DA:167,0
DA:168,0
DA:176,0
DA:177,0
DA:178,0
DA:179,0
DA:180,0
DA:181,0
DA:182,0
DA:184,0
DA:186,0
DA:190,0
DA:201,0
DA:216,0
DA:218,0
DA:219,0
DA:221,0
DA:222,0
DA:228,0
DA:233,0
DA:234,0
DA:237,0
DA:244,0
DA:246,0
DA:249,0
DA:250,0
DA:251,0
DA:252,0
DA:253,0
DA:257,0
DA:258,0
DA:259,0
DA:260,0
DA:261,0
DA:262,0
LF:65
LH:2
end_of_record
SF:C:\Users\felip_0vh5fa6\.puro\shared\pub_cache\hosted\pub.dev\stack_trace-1.11.1\lib\src\frame.dart
DA:13,0
DA:20,0
DA:21,0
DA:25,0
DA:31,0
DA:32,0
DA:36,0
DA:37,0
DA:44,0
DA:63,0
DA:67,0
DA:69,0
DA:96,0
DA:103,0
DA:104,0
DA:105,0
DA:110,0
DA:111,0
DA:112,0
DA:116,0
DA:117,0
DA:118,0
DA:119,0
DA:127,0
DA:128,0
DA:129,0
DA:133,0
DA:137,0
DA:140,0
DA:141,0
DA:144,0
DA:145,0
DA:149,0
DA:150,0
DA:151,0
DA:152,0
DA:153,0
DA:154,0
DA:156,0
DA:158,0
DA:160,0
DA:161,0
DA:165,0
DA:166,0
DA:167,0
DA:171,0
DA:172,0
DA:174,0
DA:175,0
DA:178,0
DA:179,0
DA:182,0
DA:183,0
DA:185,0
DA:186,0
DA:187,0
DA:188,0
DA:189,0
DA:193,0
DA:197,0
DA:198,0
DA:199,0
DA:200,0
DA:201,0
DA:202,0
DA:206,0
DA:211,0
DA:217,0
DA:224,0
DA:225,0
DA:226,0
DA:227,0
DA:228,0
DA:229,0
DA:230,0
DA:231,0
DA:234,0
DA:238,0
DA:239,0
DA:240,0
DA:242,0
DA:243,0
DA:247,0
DA:249,0
DA:251,0
DA:252,0
DA:253,0
DA:257,0
DA:262,0
DA:264,0
DA:265,0
DA:270,0
DA:274,0
DA:277,0
DA:280,0
DA:281,0
DA:283,0
DA:284,0
DA:289,0
DA:290,0
DA:291,0
DA:294,0
DA:295,0
DA:298,0
DA:299,0
DA:300,0
DA:304,0
DA:307,0
DA:311,0
DA:312,0
DA:313,0
DA:314,0
DA:315,0
DA:316,0
DA:317,0
DA:323,0
DA:324,0
DA:331,0
DA:333,0
DA:334,0
DA:335,0
DA:339,0
DA:341,0
DA:342,0
LF:124
LH:0
end_of_record
SF:C:\Users\felip_0vh5fa6\.puro\shared\pub_cache\hosted\pub.dev\stack_trace-1.11.1\lib\src\lazy_chain.dart
DA:20,0
DA:22,0
DA:23,0
DA:24,0
DA:25,0
DA:26,0
DA:28,0
DA:29,0
DA:30,0
DA:31,0
DA:32,0
LF:11
LH:0
end_of_record
SF:C:\Users\felip_0vh5fa6\.puro\shared\pub_cache\hosted\pub.dev\stack_trace-1.11.1\lib\src\stack_zone_specification.dart
DA:37,0
DA:40,0
DA:64,0
DA:68,0
DA:69,0
DA:70,0
DA:71,0
DA:72,0
DA:73,0
DA:80,0
DA:87,0
DA:88,0
DA:89,0
DA:91,0
DA:96,0
DA:97,0
DA:99,0
DA:101,0
DA:104,0
DA:110,0
DA:112,0
DA:113,0
DA:114,0
DA:119,0
DA:124,0
DA:125,0
DA:126,0
DA:127,0
DA:132,0
DA:134,0
DA:136,0
DA:137,0
DA:138,0
DA:143,0
DA:145,0
DA:146,0
DA:150,0
DA:151,0
DA:152,0
DA:161,0
DA:164,0
DA:166,0
DA:173,0
DA:175,0
DA:179,0
DA:181,0
DA:184,0
DA:185,0
DA:194,0
DA:195,0
DA:203,0
DA:204,0
DA:205,0
DA:207,0
DA:212,0
DA:215,0
DA:221,0
DA:222,0
DA:223,0
DA:224,0
DA:225,0
DA:228,0
DA:235,0
DA:236,0
DA:237,0
DA:238,0
DA:250,0
DA:253,0
DA:254,0
DA:257,0
DA:258,0
DA:260,0
LF:72
LH:0
end_of_record
SF:C:\Users\felip_0vh5fa6\.puro\shared\pub_cache\hosted\pub.dev\stack_trace-1.11.1\lib\src\trace.dart
DA:14,0
DA:22,0
DA:28,0
DA:37,0
DA:52,0
DA:64,0
DA:65,0
DA:79,0
DA:80,0
DA:81,0
DA:82,0
DA:90,0
DA:91,0
DA:92,0
DA:96,0
DA:97,0
DA:98,0
DA:101,0
DA:102,0
DA:110,0
DA:111,0
DA:112,0
DA:113,0
DA:121,0
DA:123,0
DA:124,0
DA:125,0
DA:126,0
DA:127,0
DA:128,0
DA:130,0
DA:131,0
DA:132,0
DA:138,0
DA:139,0
DA:140,0
DA:145,0
DA:147,0
DA:151,0
DA:152,0
DA:153,0
DA:154,0
DA:156,0
DA:157,0
DA:160,0
DA:163,0
DA:164,0
DA:171,0
DA:172,0
DA:174,0
DA:175,0
DA:179,0
DA:180,0
DA:184,0
DA:185,0
DA:187,0
DA:188,0
DA:189,0
DA:196,0
DA:199,0
DA:200,0
DA:202,0
DA:203,0
DA:204,0
DA:205,0
DA:209,0
DA:212,0
DA:213,0
DA:216,0
DA:218,0
DA:220,0
DA:221,0
DA:222,0
DA:223,0
DA:230,0
DA:231,0
DA:232,0
DA:233,0
DA:235,0
DA:236,0
DA:238,0
DA:239,0
DA:243,0
DA:244,0
DA:245,0
DA:252,0
DA:268,0
DA:281,0
DA:284,0
DA:285,0
DA:287,0
DA:288,0
DA:297,0
DA:298,0
DA:302,0
DA:303,0
DA:304,0
DA:305,0
DA:306,0
DA:307,0
DA:312,0
DA:313,0
DA:314,0
DA:315,0
DA:316,0
DA:318,0
DA:319,0
DA:323,0
DA:326,0
DA:330,0
DA:333,0
DA:334,0
DA:335,0
DA:336,0
LF:114
LH:0
end_of_record
SF:C:\Users\felip_0vh5fa6\.puro\shared\pub_cache\hosted\pub.dev\stack_trace-1.11.1\lib\src\utils.dart
DA:11,0
LF:1
LH:0
end_of_record
SF:C:\Users\felip_0vh5fa6\.puro\shared\pub_cache\hosted\pub.dev\stack_trace-1.11.1\lib\src\unparsed_frame.dart
DA:29,0
DA:31,0
DA:32,0
LF:3
LH:0
end_of_record
SF:C:\Users\felip_0vh5fa6\.puro\shared\pub_cache\hosted\pub.dev\stack_trace-1.11.1\lib\src\lazy_trace.dart
DA:18,0
DA:20,0
DA:21,0
DA:22,0
DA:23,0
DA:24,0
DA:25,0
DA:26,0
DA:27,0
DA:28,0
DA:30,0
DA:31,0
DA:32,0
LF:13
LH:0
end_of_record
SF:C:\Users\felip_0vh5fa6\.puro\shared\pub_cache\hosted\pub.dev\stack_trace-1.11.1\lib\src\vm_trace.dart
DA:16,0
DA:18,0
DA:21,0
DA:22,0
DA:23,0
DA:24,0
DA:25,0
DA:26,0
DA:27,0
DA:28,0
DA:29,0
DA:30,0
LF:12
LH:0
end_of_record
SF:C:\Users\felip_0vh5fa6\.puro\shared\pub_cache\hosted\pub.dev\source_span-1.10.0\lib\src\file.dart
DA:41,0
DA:47,0
DA:50,0
DA:63,0
DA:64,0
DA:69,0
DA:70,0
DA:81,0
DA:82,0
DA:83,0
DA:84,0
DA:85,0
DA:86,0
DA:88,0
DA:89,0
DA:91,0
DA:98,0
DA:99,0
DA:100,0
DA:104,0
DA:107,0
DA:108,0
DA:109,0
DA:110,0
DA:111,0
DA:112,0
DA:115,0
DA:116,0
DA:118,0
DA:120,0
DA:121,0
DA:128,0
DA:129,0
DA:130,0
DA:133,0
DA:136,0
DA:137,0
DA:142,0
DA:143,0
DA:144,0
DA:154,0
DA:156,0
DA:157,0
DA:158,0
DA:159,0
DA:162,0
DA:173,0
DA:174,0
DA:175,0
DA:176,0
DA:177,0
DA:178,0
DA:182,0
DA:183,0
DA:184,0
DA:185,0
DA:186,0
DA:187,0
DA:190,0
DA:191,0
DA:192,0
DA:195,0
DA:201,0
DA:204,0
DA:205,0
DA:206,0
DA:207,0
DA:208,0
DA:209,0
DA:210,0
DA:213,0
DA:214,0
DA:215,0
DA:216,0
DA:225,0
DA:226,0
DA:242,0
DA:243,0
DA:245,0
DA:246,0
DA:248,0
DA:249,0
DA:251,0
DA:252,0
DA:253,0
DA:254,0
DA:255,0
DA:256,0
DA:260,0
DA:261,0
DA:310,0
DA:311,0
DA:313,0
DA:314,0
DA:316,0
DA:317,0
DA:319,0
DA:320,0
DA:322,0
DA:323,0
DA:325,0
DA:327,0
DA:328,0
DA:331,0
DA:336,0
DA:339,0
DA:341,0
DA:342,0
DA:345,0
DA:346,0
DA:349,0
DA:353,0
DA:356,0
DA:359,0
DA:360,0
DA:361,0
DA:362,0
DA:363,0
DA:364,0
DA:365,0
DA:366,0
DA:370,0
DA:372,0
DA:374,0
DA:375,0
DA:378,0
DA:380,0
DA:382,0
DA:384,0
DA:385,0
DA:386,0
DA:389,0
DA:390,0
DA:397,0
DA:399,0
DA:400,0
DA:401,0
DA:404,0
DA:405,0
DA:406,0
DA:409,0
DA:410,0
DA:416,0
DA:418,0
DA:419,0
DA:420,0
DA:423,0
DA:424,0
DA:425,0
DA:426,0
DA:428,0
DA:429,0
DA:430,0
DA:435,0
DA:436,0
DA:437,0
DA:438,0
DA:446,0
DA:447,0
DA:448,0
DA:450,0
DA:451,0
DA:452,0
LF:163
LH:0
end_of_record
SF:C:\Users\felip_0vh5fa6\.puro\shared\pub_cache\hosted\pub.dev\source_span-1.10.0\lib\src\location.dart
DA:34,0
DA:35,0
DA:36,0
DA:45,0
DA:47,0
DA:50,0
DA:51,0
DA:52,0
DA:53,0
DA:54,0
DA:55,0
DA:62,0
DA:63,0
DA:64,0
DA:65,0
DA:67,0
DA:71,0
DA:76,0
DA:78,0
DA:79,0
DA:80,0
DA:82,0
DA:85,0
DA:87,0
DA:88,0
DA:89,0
DA:91,0
DA:92,0
DA:94,0
DA:95,0
DA:101,0
LF:31
LH:0
end_of_record
SF:C:\Users\felip_0vh5fa6\.puro\shared\pub_cache\hosted\pub.dev\source_span-1.10.0\lib\src\location_mixin.dart
DA:17,0
DA:19,0
DA:20,0
DA:23,0
DA:25,0
DA:26,0
DA:27,0
DA:29,0
DA:32,0
DA:33,0
DA:35,0
DA:37,0
DA:38,0
DA:39,0
DA:41,0
DA:44,0
DA:46,0
DA:47,0
DA:48,0
DA:50,0
DA:51,0
DA:53,0
DA:54,0
LF:23
LH:0
end_of_record
SF:C:\Users\felip_0vh5fa6\.puro\shared\pub_cache\hosted\pub.dev\source_span-1.10.0\lib\src\span.dart
DA:40,0
DA:41,0
DA:103,0
DA:104,0
DA:105,0
DA:106,0
DA:107,0
DA:108,0
DA:109,0
DA:110,0
DA:140,0
DA:143,0
DA:144,0
DA:145,0
DA:147,0
DA:148,0
DA:152,0
DA:176,0
DA:178,0
DA:182,0
DA:186,0
DA:187,0
DA:188,0
DA:190,0
DA:191,0
LF:25
LH:0
end_of_record
SF:C:\Users\felip_0vh5fa6\.puro\shared\pub_cache\hosted\pub.dev\source_span-1.10.0\lib\src\span_mixin.dart
DA:19,0
DA:20,0
DA:22,0
DA:23,0
DA:25,0
DA:27,0
DA:28,0
DA:31,0
DA:33,0
DA:34,0
DA:35,0
DA:38,0
DA:39,0
DA:40,0
DA:41,0
DA:43,0
DA:44,0
DA:47,0
DA:48,0
DA:49,0
DA:52,0
DA:54,0
DA:55,0
DA:56,0
DA:57,0
DA:59,0
DA:60,0
DA:62,0
DA:63,0
DA:66,0
DA:69,0
DA:71,0
DA:72,0
DA:75,0
DA:77,0
DA:79,0
DA:80,0
DA:82,0
DA:83,0
LF:39
LH:0
end_of_record
SF:C:\Users\felip_0vh5fa6\.puro\shared\pub_cache\hosted\pub.dev\source_span-1.10.0\lib\src\span_with_context.dart
DA:13,0
DA:24,0
DA:26,0
DA:27,0
DA:28,0
DA:31,0
DA:32,0
DA:33,0
DA:43,0
DA:44,0
DA:45,0
DA:47,0
DA:48,0
DA:49,0
LF:14
LH:0
end_of_record
SF:C:\Users\felip_0vh5fa6\.puro\shared\pub_cache\hosted\pub.dev\source_span-1.10.0\lib\src\highlighter.dart
DA:61,0
DA:62,0
DA:63,0
DA:64,0
DA:66,0
DA:83,0
DA:86,0
DA:87,0
DA:88,0
DA:89,0
DA:90,0
DA:95,0
DA:96,0
DA:97,0
DA:101,0
DA:104,0
DA:107,0
DA:108,0
DA:109,0
DA:110,0
DA:111,0
DA:115,0
DA:116,0
DA:117,0
DA:118,0
DA:119,0
DA:120,0
DA:129,0
DA:133,0
DA:134,0
DA:135,0
DA:136,0
DA:137,0
DA:140,0
DA:141,0
DA:142,0
DA:146,0
DA:147,0
DA:148,0
DA:151,0
DA:152,0
DA:155,0
DA:157,0
DA:158,0
DA:160,0
DA:161,0
DA:163,0
DA:168,0
DA:170,0
DA:172,0
DA:174,0
DA:175,0
DA:176,0
DA:177,0
DA:179,0
DA:181,0
DA:185,0
DA:191,0
DA:192,0
DA:199,0
DA:201,0
DA:202,0
DA:203,0
DA:204,0
DA:205,0
DA:206,0
DA:207,0
DA:208,0
DA:209,0
DA:210,0
DA:211,0
DA:219,0
DA:220,0
DA:221,0
DA:222,0
DA:223,0
DA:224,0
DA:228,0
DA:229,0
DA:230,0
DA:231,0
DA:234,0
DA:235,0
DA:238,0
DA:239,0
DA:240,0
DA:241,0
DA:243,0
DA:244,0
DA:245,0
DA:246,0
DA:248,0
DA:250,0
DA:254,0
DA:255,0
DA:256,0
DA:257,0
DA:261,0
DA:262,0
DA:267,0
DA:268,0
DA:269,0
DA:271,0
DA:272,0
DA:274,0
DA:276,0
DA:285,0
DA:295,0
DA:296,0
DA:297,0
DA:299,0
DA:300,0
DA:301,0
DA:302,0
DA:304,0
DA:305,0
DA:306,0
DA:307,0
DA:308,0
DA:311,0
DA:312,0
DA:316,0
DA:319,0
DA:322,0
DA:323,0
DA:325,0
DA:326,0
DA:327,0
DA:328,0
DA:329,0
DA:333,0
DA:334,0
DA:335,0
DA:336,0
DA:337,0
DA:340,0
DA:341,0
DA:344,0
DA:351,0
DA:353,0
DA:354,0
DA:356,0
DA:363,0
DA:365,0
DA:366,0
DA:367,0
DA:368,0
DA:369,0
DA:370,0
DA:372,0
DA:373,0
DA:374,0
DA:375,0
DA:376,0
DA:378,0
DA:379,0
DA:380,0
DA:381,0
DA:383,0
DA:384,0
DA:385,0
DA:386,0
DA:388,0
DA:389,0
DA:390,0
DA:391,0
DA:392,0
DA:396,0
DA:397,0
DA:398,0
DA:400,0
DA:401,0
DA:403,0
DA:405,0
DA:408,0
DA:410,0
DA:411,0
DA:417,0
DA:418,0
DA:419,0
DA:420,0
DA:422,0
DA:423,0
DA:427,0
DA:428,0
DA:429,0
DA:430,0
DA:432,0
DA:433,0
DA:434,0
DA:441,0
DA:443,0
DA:444,0
DA:445,0
DA:446,0
DA:460,0
DA:462,0
DA:464,0
DA:468,0
DA:469,0
DA:470,0
DA:471,0
DA:473,0
DA:474,0
DA:475,0
DA:476,0
DA:477,0
DA:478,0
DA:480,0
DA:484,0
DA:485,0
DA:486,0
DA:492,0
DA:493,0
DA:494,0
DA:495,0
DA:497,0
DA:507,0
DA:508,0
DA:512,0
DA:513,0
DA:514,0
DA:515,0
DA:516,0
DA:521,0
DA:523,0
DA:524,0
DA:530,0
DA:531,0
DA:532,0
DA:539,0
DA:540,0
DA:541,0
DA:542,0
DA:566,0
DA:567,0
DA:568,0
DA:569,0
DA:570,0
DA:571,0
DA:572,0
DA:574,0
DA:582,0
DA:583,0
DA:584,0
DA:586,0
DA:587,0
DA:588,0
DA:589,0
DA:590,0
DA:591,0
DA:592,0
DA:593,0
DA:594,0
DA:598,0
DA:599,0
DA:600,0
DA:602,0
DA:603,0
DA:604,0
DA:605,0
DA:609,0
DA:610,0
DA:611,0
DA:612,0
DA:613,0
DA:614,0
DA:615,0
DA:616,0
DA:623,0
DA:625,0
DA:629,0
DA:631,0
DA:632,0
DA:633,0
DA:634,0
DA:635,0
DA:636,0
DA:637,0
DA:640,0
DA:641,0
DA:642,0
DA:643,0
DA:644,0
DA:647,0
DA:652,0
DA:653,0
DA:654,0
DA:656,0
DA:658,0
DA:659,0
DA:660,0
DA:661,0
DA:662,0
DA:663,0
DA:667,0
DA:668,0
DA:669,0
DA:674,0
DA:675,0
DA:677,0
DA:678,0
DA:680,0
DA:682,0
DA:687,0
DA:688,0
DA:689,0
DA:690,0
DA:691,0
DA:693,0
DA:695,0
DA:696,0
DA:697,0
DA:698,0
DA:699,0
DA:700,0
DA:723,0
DA:725,0
DA:726,0
LF:319
LH:0
end_of_record
SF:C:\Users\felip_0vh5fa6\.puro\shared\pub_cache\hosted\pub.dev\source_span-1.10.0\lib\src\utils.dart
DA:12,0
DA:13,0
DA:17,0
DA:18,0
DA:22,0
DA:23,0
DA:24,0
DA:25,0
DA:26,0
DA:34,0
DA:37,0
DA:38,0
DA:39,0
DA:40,0
DA:44,0
DA:45,0
DA:46,0
DA:47,0
DA:50,0
DA:54,0
DA:56,0
DA:57,0
DA:66,0
DA:69,0
DA:72,0
DA:73,0
DA:74,0
DA:79,0
DA:80,0
DA:84,0
DA:85,0
DA:87,0
DA:88,0
DA:89,0
DA:90,0
DA:102,0
DA:103,0
DA:104,0
DA:105,0
DA:106,0
DA:110,0
DA:111,0
DA:112,0
DA:115,0
DA:116,0
DA:117,0
DA:120,0
DA:124,0
DA:125,0
DA:128,0
DA:129,0
DA:132,0
DA:133,0
DA:134,0
DA:137,0
DA:138,0
DA:140,0
DA:141,0
DA:144,0
LF:59
LH:0
end_of_record
SF:C:\Users\felip_0vh5fa6\.puro\shared\pub_cache\hosted\pub.dev\path-1.9.0\lib\src\context.dart
DA:14,0
DA:28,0
DA:31,0
DA:38,0
DA:39,0
DA:40,0
DA:44,0
DA:48,0
DA:49,0
DA:52,0
DA:62,0
DA:66,0
DA:77,0
DA:92,0
DA:112,0
DA:116,0
DA:129,0
DA:139,0
DA:140,0
DA:150,0
DA:151,0
DA:152,0
DA:153,0
DA:154,0
DA:155,0
DA:156,0
DA:157,0
DA:158,0
DA:184,0
DA:185,0
DA:203,0
DA:217,0
DA:223,0
DA:233,0
DA:248,0
DA:264,0
DA:282,0
DA:283,0
DA:300,0
DA:301,0
DA:305,0
DA:306,0
DA:309,0
DA:310,0
DA:311,0
DA:312,0
DA:313,0
DA:314,0
DA:316,0
DA:317,0
DA:318,0
DA:319,0
DA:321,0
DA:322,0
DA:324,0
DA:327,0
DA:330,0
DA:335,0
DA:338,0
DA:364,0
DA:365,0
DA:367,0
DA:368,0
DA:369,0
DA:384,0
DA:385,0
DA:386,0
DA:388,0
DA:389,0
DA:390,0
DA:401,0
DA:402,0
DA:404,0
DA:405,0
DA:406,0
DA:410,0
DA:412,0
DA:419,0
DA:420,0
DA:426,0
DA:427,0
DA:428,0
DA:433,0
DA:434,0
DA:435,0
DA:437,0
DA:440,0
DA:446,0
DA:448,0
DA:449,0
DA:462,0
DA:465,0
DA:467,0
DA:468,0
DA:507,0
DA:509,0
DA:511,0
DA:514,0
DA:515,0
DA:520,0
DA:521,0
DA:526,0
DA:527,0
DA:530,0
DA:531,0
DA:533,0
DA:534,0
DA:541,0
DA:542,0
DA:543,0
DA:544,0
DA:548,0
DA:549,0
DA:550,0
DA:551,0
DA:552,0
DA:553,0
DA:554,0
DA:560,0
DA:561,0
DA:563,0
DA:564,0
DA:565,0
DA:566,0
DA:569,0
DA:573,0
DA:574,0
DA:575,0
DA:576,0
DA:577,0
DA:578,0
DA:582,0
DA:583,0
DA:585,0
DA:594,0
DA:595,0
DA:602,0
DA:603,0
DA:609,0
DA:613,0
DA:614,0
DA:616,0
DA:617,0
DA:619,0
DA:620,0
DA:622,0
DA:623,0
DA:626,0
DA:628,0
DA:632,0
DA:633,0
DA:637,0
DA:638,0
DA:644,0
DA:645,0
DA:646,0
DA:647,0
DA:648,0
DA:649,0
DA:656,0
DA:659,0
DA:661,0
DA:662,0
DA:670,0
DA:676,0
DA:677,0
DA:678,0
DA:679,0
DA:695,0
DA:696,0
DA:697,0
DA:698,0
DA:699,0
DA:704,0
DA:705,0
DA:710,0
DA:711,0
DA:713,0
DA:715,0
DA:716,0
DA:717,0
DA:727,0
DA:728,0
DA:732,0
DA:733,0
DA:736,0
DA:738,0
DA:744,0
DA:745,0
DA:746,0
DA:747,0
DA:758,0
DA:759,0
DA:760,0
DA:761,0
DA:763,0
DA:764,0
DA:768,0
DA:769,0
DA:770,0
DA:771,0
DA:781,0
DA:782,0
DA:786,0
DA:787,0
DA:800,0
DA:801,0
DA:802,0
DA:805,0
DA:808,0
DA:809,0
DA:810,0
DA:818,0
DA:827,0
DA:835,0
DA:845,0
DA:846,0
DA:864,0
DA:868,0
DA:870,0
DA:871,0
DA:875,0
DA:879,0
DA:880,0
DA:884,0
DA:886,0
DA:887,0
DA:888,0
DA:890,0
DA:893,0
DA:897,0
DA:900,0
DA:904,0
DA:907,0
DA:910,0
DA:911,0
DA:920,0
DA:923,0
DA:925,0
DA:928,0
DA:929,0
DA:930,0
DA:937,0
DA:941,0
DA:942,0
DA:947,0
DA:952,0
DA:960,0
DA:962,0
DA:966,0
DA:973,0
DA:974,0
DA:975,0
DA:981,0
DA:982,0
DA:983,0
DA:993,0
DA:994,0
DA:996,0
DA:997,0
DA:998,0
DA:1003,0
DA:1017,0
DA:1018,0
DA:1040,0
DA:1058,0
DA:1059,0
DA:1060,0
DA:1062,0
DA:1091,0
DA:1092,0
DA:1093,0
DA:1094,0
DA:1095,0
DA:1096,0
DA:1097,0
DA:1098,0
DA:1101,0
DA:1102,0
DA:1107,0
DA:1110,0
DA:1116,0
DA:1117,0
DA:1118,0
DA:1119,0
DA:1124,0
DA:1125,0
DA:1127,0
DA:1130,0
DA:1131,0
DA:1135,0
DA:1136,0
DA:1137,0
DA:1138,0
DA:1139,0
DA:1140,0
DA:1141,0
DA:1142,0
DA:1168,10
DA:1170,0
DA:1171,0
DA:1197,10
DA:1199,0
DA:1200,0
LF:304
LH:2
end_of_record
SF:C:\Users\felip_0vh5fa6\.puro\shared\pub_cache\hosted\pub.dev\path-1.9.0\lib\src\style.dart
DA:14,0
DA:19,0
DA:27,0
DA:33,0
DA:36,0
DA:41,0
DA:42,0
DA:43,0
DA:44,0
DA:51,0
DA:83,0
DA:84,0
LF:12
LH:0
end_of_record
SF:C:\Users\felip_0vh5fa6\.puro\shared\pub_cache\hosted\pub.dev\path-1.9.0\lib\src\path_exception.dart
DA:10,0
DA:12,0
DA:13,0
LF:3
LH:0
end_of_record
SF:C:\Users\felip_0vh5fa6\.puro\shared\pub_cache\hosted\pub.dev\path-1.9.0\lib\src\path_map.dart
DA:15,0
DA:23,0
DA:24,0
DA:27,0
DA:28,0
DA:29,0
DA:30,0
DA:33,0
DA:35,0
DA:36,0
LF:10
LH:0
end_of_record
SF:C:\Users\felip_0vh5fa6\.puro\shared\pub_cache\hosted\pub.dev\path-1.9.0\lib\src\path_set.dart
DA:18,0
DA:26,0
DA:27,0
DA:30,0
DA:31,0
DA:32,0
DA:33,0
DA:36,0
DA:38,0
DA:39,0
DA:46,0
DA:47,0
DA:49,0
DA:50,0
DA:52,0
DA:53,0
DA:55,0
DA:56,0
DA:58,0
DA:59,0
DA:61,0
DA:62,0
DA:64,0
DA:65,0
DA:67,0
DA:68,0
DA:70,0
DA:71,0
DA:73,0
DA:74,0
DA:76,0
DA:77,0
DA:79,0
DA:80,0
DA:82,0
DA:83,0
DA:85,0
DA:86,0
DA:88,0
DA:89,0
DA:91,0
DA:92,0
DA:94,0
DA:95,0
DA:97,0
DA:98,0
LF:46
LH:0
end_of_record
SF:C:\Users\felip_0vh5fa6\.puro\shared\pub_cache\hosted\pub.dev\path-1.9.0\lib\src\internal_style.dart
DA:45,0
DA:47,0
DA:48,0
DA:49,0
DA:62,0
DA:64,0
DA:65,0
DA:69,0
DA:70,0
DA:79,0
DA:85,0
DA:87,0
DA:89,0
LF:13
LH:0
end_of_record
SF:C:\Users\felip_0vh5fa6\.puro\shared\pub_cache\hosted\pub.dev\path-1.9.0\lib\src\parsed_path.dart
DA:36,0
DA:39,0
DA:41,0
DA:43,0
DA:44,0
DA:45,0
DA:48,0
DA:49,0
DA:53,0
DA:54,0
DA:57,0
DA:60,0
DA:61,0
DA:62,0
DA:63,0
DA:64,0
DA:69,0
DA:70,0
DA:71,0
DA:74,0
DA:77,0
DA:80,0
DA:81,0
DA:82,0
DA:83,0
DA:84,0
DA:87,0
DA:89,0
DA:90,0
DA:92,0
DA:93,0
DA:94,0
DA:95,0
DA:97,0
DA:100,0
DA:103,0
DA:104,0
DA:105,0
DA:107,0
DA:109,0
DA:110,0
DA:113,0
DA:116,0
DA:121,0
DA:122,0
DA:126,0
DA:127,0
DA:131,0
DA:132,0
DA:133,0
DA:134,0
DA:135,0
DA:139,0
DA:140,0
DA:141,0
DA:143,0
DA:146,0
DA:148,0
DA:149,0
DA:150,0
DA:151,0
DA:152,0
DA:154,0
DA:156,0
DA:163,0
DA:165,0
DA:166,0
DA:168,0
DA:169,0
DA:187,0
DA:188,0
DA:189,0
DA:194,0
DA:196,0
DA:197,0
DA:199,0
DA:203,0
DA:205,0
DA:208,0
DA:209,0
LF:80
LH:0
end_of_record
SF:C:\Users\felip_0vh5fa6\.puro\shared\pub_cache\hosted\pub.dev\path-1.9.0\lib\src\style\posix.dart
DA:25,0
DA:28,0
DA:29,0
DA:31,0
DA:32,0
DA:34,0
DA:36,0
DA:38,0
DA:40,0
DA:44,0
DA:47,0
DA:50,0
DA:52,0
DA:53,0
DA:55,0
DA:58,0
DA:60,0
DA:61,0
DA:65,0
DA:66,0
DA:69,0
DA:72,0
LF:22
LH:0
end_of_record
SF:C:\Users\felip_0vh5fa6\.puro\shared\pub_cache\hosted\pub.dev\path-1.9.0\lib\src\style\url.dart
DA:28,0
DA:29,0
DA:31,0
DA:32,0
DA:34,0
DA:36,0
DA:39,0
DA:43,0
DA:46,0
DA:48,0
DA:49,0
DA:51,0
DA:52,0
DA:53,0
DA:54,0
DA:55,0
DA:59,0
DA:60,0
DA:61,0
DA:65,0
DA:66,0
DA:67,0
DA:74,0
DA:76,0
DA:78,0
DA:79,0
DA:81,0
DA:82,0
DA:84,0
DA:85,0
DA:86,0
DA:87,0
LF:32
LH:0
end_of_record
SF:C:\Users\felip_0vh5fa6\.puro\shared\pub_cache\hosted\pub.dev\path-1.9.0\lib\src\style\windows.dart
DA:33,0
DA:34,0
DA:36,0
DA:38,0
DA:40,0
DA:42,0
DA:43,0
DA:46,0
DA:48,0
DA:49,0
DA:50,0
DA:51,0
DA:54,0
DA:55,0
DA:56,0
DA:57,0
DA:59,0
DA:63,0
DA:65,0
DA:67,0
DA:69,0
DA:73,0
DA:74,0
DA:76,0
DA:78,0
DA:79,0
DA:83,0
DA:85,0
DA:86,0
DA:89,0
DA:90,0
DA:94,0
DA:95,0
DA:99,0
DA:101,0
DA:104,0
DA:106,0
DA:107,0
DA:112,0
DA:113,0
DA:115,0
DA:118,0
DA:121,0
DA:122,0
DA:130,0
DA:131,0
DA:136,0
DA:137,0
DA:139,0
DA:143,0
DA:145,0
DA:148,0
DA:149,0
DA:153,0
DA:156,0
DA:157,0
DA:160,0
DA:163,0
DA:164,0
DA:165,0
DA:172,0
DA:174,0
DA:175,0
DA:176,0
DA:177,0
DA:180,0
DA:181,0
LF:67
LH:0
end_of_record
SF:C:\Users\felip_0vh5fa6\.puro\shared\pub_cache\hosted\pub.dev\path-1.9.0\lib\src\utils.dart
DA:9,0
DA:10,0
DA:11,0
DA:14,0
DA:18,0
DA:19,0
DA:32,0
DA:33,0
DA:34,0
DA:35,0
DA:37,0
DA:38,0
DA:43,0
DA:45,0
DA:46,0
DA:47,0
LF:16
LH:0
end_of_record
SF:C:\Users\felip_0vh5fa6\.puro\shared\pub_cache\hosted\pub.dev\matcher-0.12.16\lib\src\expect\future_matchers.dart
DA:26,0
DA:39,0
DA:41,0
DA:46,10
DA:49,0
DA:51,0
DA:53,0
DA:54,0
DA:57,0
DA:58,0
DA:61,0
DA:62,0
DA:63,0
DA:64,0
DA:65,0
DA:68,0
DA:69,0
DA:70,0
DA:71,0
DA:75,0
DA:77,0
DA:78,0
DA:80,0
DA:91,0
DA:94,10
DA:96,0
DA:98,0
DA:102,0
DA:104,0
DA:105,0
DA:106,0
DA:109,0
DA:113,0
DA:116,0
LF:34
LH:2
end_of_record
SF:C:\Users\felip_0vh5fa6\.puro\shared\pub_cache\hosted\pub.dev\matcher-0.12.16\lib\src\expect\never_called.dart
DA:27,0
DA:40,0
DA:42,0
DA:43,0
DA:54,0
DA:55,0
DA:56,0
DA:58,0
DA:60,0
DA:61,0
DA:62,0
DA:65,0
LF:12
LH:0
end_of_record
SF:C:\Users\felip_0vh5fa6\.puro\shared\pub_cache\hosted\pub.dev\matcher-0.12.16\lib\src\expect\prints_matcher.dart
DA:25,0
DA:30,0
DA:34,0
DA:36,0
DA:38,0
DA:39,0
DA:40,0
DA:41,0
DA:44,0
DA:45,0
DA:46,0
DA:49,0
DA:51,0
DA:55,0
DA:56,0
DA:57,0
DA:59,0
DA:60,0
DA:61,0
DA:63,0
DA:64,0
DA:65,0
DA:67,0
DA:69,0
DA:70,0
LF:25
LH:0
end_of_record
SF:C:\Users\felip_0vh5fa6\.puro\shared\pub_cache\hosted\pub.dev\matcher-0.12.16\lib\src\expect\stream_matcher.dart
DA:119,0
DA:121,0
DA:122,0
DA:124,0
DA:128,0
DA:130,0
DA:131,0
DA:139,0
DA:140,0
DA:141,0
DA:145,0
DA:151,0
DA:152,0
DA:154,0
DA:155,0
DA:158,0
DA:159,0
DA:161,0
DA:164,0
DA:165,0
DA:167,0
DA:168,0
DA:169,0
DA:170,0
DA:172,0
DA:173,0
DA:175,0
DA:177,0
DA:178,0
DA:179,0
DA:180,0
DA:181,0
DA:182,0
DA:185,0
DA:186,0
DA:191,0
DA:193,0
DA:196,0
LF:38
LH:0
end_of_record
SF:C:\Users\felip_0vh5fa6\.puro\shared\pub_cache\hosted\pub.dev\matcher-0.12.16\lib\src\expect\stream_matchers.dart
DA:16,0
DA:17,0
DA:28,0
DA:29,0
DA:30,0
DA:32,0
DA:34,0
DA:35,0
DA:37,0
DA:38,0
DA:39,0
DA:41,0
DA:42,0
DA:44,0
DA:45,0
DA:48,0
DA:53,0
DA:54,0
DA:55,0
DA:56,0
DA:58,0
DA:59,0
DA:61,0
DA:69,0
DA:70,0
DA:71,0
DA:72,0
DA:73,0
DA:75,0
DA:87,0
DA:88,0
DA:89,0
DA:90,0
DA:93,0
DA:94,0
DA:95,0
DA:97,0
DA:98,0
DA:103,0
DA:110,0
DA:112,0
DA:113,0
DA:114,0
DA:118,0
DA:128,0
DA:130,0
DA:133,0
DA:136,0
DA:139,0
DA:141,0
DA:144,0
DA:145,0
DA:146,0
DA:147,0
DA:148,0
DA:149,0
DA:152,0
DA:155,0
DA:157,0
DA:167,0
DA:168,0
DA:169,0
DA:171,0
DA:172,0
DA:174,0
DA:175,0
DA:176,0
DA:177,0
DA:180,0
DA:181,0
DA:182,0
DA:183,0
DA:197,0
DA:198,0
DA:199,0
DA:200,0
DA:202,0
DA:203,0
DA:205,0
DA:209,0
DA:210,0
DA:211,0
DA:216,0
DA:218,0
DA:221,0
DA:222,0
DA:223,0
DA:224,0
DA:228,0
DA:237,0
DA:238,0
DA:240,0
DA:241,0
DA:242,0
DA:244,0
DA:245,0
DA:257,0
DA:258,0
DA:259,0
DA:262,0
DA:263,0
DA:264,0
DA:267,0
DA:270,0
DA:276,0
DA:281,0
DA:282,0
DA:283,0
DA:289,0
DA:290,0
DA:292,0
DA:312,0
DA:313,0
DA:314,0
DA:315,0
DA:316,0
DA:318,0
DA:319,0
DA:324,0
DA:326,0
DA:327,0
DA:330,0
DA:338,0
DA:339,0
DA:341,0
DA:350,0
DA:351,0
DA:354,0
DA:364,0
DA:370,0
DA:371,0
DA:374,0
LF:132
LH:0
end_of_record
SF:C:\Users\felip_0vh5fa6\.puro\shared\pub_cache\hosted\pub.dev\matcher-0.12.16\lib\src\core_matchers.dart
DA:14,10
DA:16,0
DA:17,0
DA:19,0
DA:20,0
DA:27,10
DA:29,0
DA:30,0
DA:32,0
DA:33,0
DA:43,10
DA:44,1
DA:46,0
DA:47,0
DA:51,10
DA:52,1
DA:54,0
DA:55,0
DA:65,10
DA:66,5
DA:67,5
DA:68,0
DA:69,0
DA:73,10
DA:74,4
DA:75,4
DA:76,0
DA:77,0
DA:87,10
DA:88,0
DA:90,0
DA:91,0
DA:92,0
DA:96,10
DA:97,0
DA:99,0
DA:100,0
DA:101,0
DA:106,2
DA:110,1
DA:111,1
DA:112,1
DA:114,0
DA:116,0
DA:123,10
DA:124,0
DA:126,0
DA:127,0
DA:136,0
DA:148,10
DA:150,0
DA:153,0
DA:156,0
DA:161,0
DA:163,0
DA:165,0
DA:168,0
DA:170,0
DA:184,3
DA:188,1
DA:190,1
DA:193,1
DA:194,2
DA:200,0
DA:202,0
DA:204,0
DA:208,0
DA:209,0
DA:211,0
DA:223,0
DA:228,0
DA:230,0
DA:232,0
DA:233,0
DA:234,0
DA:235,0
DA:236,0
DA:237,0
DA:239,0
DA:241,0
DA:242,0
DA:247,0
DA:249,0
DA:251,0
DA:254,0
DA:255,0
DA:256,0
DA:259,0
DA:266,0
DA:267,0
DA:268,0
DA:269,0
DA:270,0
DA:271,0
DA:272,0
DA:275,0
DA:283,0
DA:285,0
DA:286,0
DA:288,0
DA:290,0
DA:299,0
DA:301,0
DA:309,0
DA:311,0
DA:312,0
DA:314,0
DA:316,0
LF:108
LH:25
end_of_record
SF:C:\Users\felip_0vh5fa6\.puro\shared\pub_cache\hosted\pub.dev\matcher-0.12.16\lib\src\custom_matcher.dart
DA:38,0
DA:40,0
DA:43,0
DA:45,0
DA:48,0
DA:49,0
DA:50,0
DA:52,0
DA:53,0
DA:54,0
DA:55,0
DA:56,0
DA:57,0
DA:58,0
DA:59,0
DA:61,0
DA:67,0
DA:69,0
DA:71,0
DA:74,0
DA:76,0
DA:77,0
DA:78,0
DA:79,0
DA:84,0
DA:85,0
DA:86,0
DA:87,0
DA:88,0
DA:90,0
DA:91,0
DA:93,0
DA:94,0
LF:33
LH:0
end_of_record
SF:C:\Users\felip_0vh5fa6\.puro\shared\pub_cache\hosted\pub.dev\matcher-0.12.16\lib\src\description.dart
DA:15,0
DA:16,0
DA:19,0
DA:20,0
DA:23,0
DA:24,0
DA:27,0
DA:29,0
DA:34,0
DA:36,0
DA:37,0
DA:44,0
DA:46,0
DA:47,0
DA:49,0
DA:57,0
DA:61,0
DA:62,0
DA:64,0
DA:66,0
DA:69,0
LF:21
LH:0
end_of_record
SF:C:\Users\felip_0vh5fa6\.puro\shared\pub_cache\hosted\pub.dev\matcher-0.12.16\lib\src\equals_matcher.dart
DA:18,18
DA:19,0
DA:20,9
DA:28,0
DA:30,0
DA:31,0
DA:33,0
DA:35,0
DA:37,0
DA:40,0
DA:41,0
DA:42,0
DA:43,0
DA:44,0
DA:45,0
DA:46,0
DA:48,0
DA:49,0
DA:53,0
DA:54,0
DA:55,0
DA:57,0
DA:59,0
DA:61,0
DA:64,0
DA:65,0
DA:66,0
DA:67,0
DA:68,0
DA:69,0
DA:70,0
DA:71,0
DA:72,0
DA:74,0
DA:77,0
DA:80,0
DA:81,0
DA:82,0
DA:83,0
DA:85,0
DA:89,0
DA:90,0
DA:91,0
DA:93,0
DA:94,0
DA:103,9
DA:105,2
DA:107,2
DA:108,2
DA:109,2
DA:110,2
DA:112,2
DA:113,2
DA:119,2
DA:121,0
DA:124,0
DA:128,6
DA:133,0
DA:137,1
DA:139,1
DA:140,1
DA:142,2
DA:143,2
DA:144,1
DA:145,0
DA:148,0
DA:149,0
DA:150,0
DA:154,3
DA:155,0
DA:156,3
DA:157,0
DA:162,0
DA:166,9
DA:169,9
DA:170,0
DA:171,0
DA:172,0
DA:173,0
DA:174,0
DA:175,0
DA:176,0
DA:177,0
DA:183,9
DA:186,0
DA:189,0
DA:190,0
DA:194,8
DA:195,0
DA:200,4
DA:201,4
DA:202,1
DA:203,2
DA:204,4
DA:205,2
DA:206,4
DA:207,3
DA:208,0
DA:209,0
DA:211,0
DA:214,0
DA:215,0
DA:216,0
DA:219,0
DA:220,0
DA:221,0
DA:225,0
DA:226,0
DA:227,0
DA:230,0
DA:231,0
DA:232,0
DA:236,0
DA:237,0
DA:238,0
DA:248,3
DA:249,0
DA:250,0
DA:253,3
DA:257,9
DA:259,18
DA:261,6
DA:265,0
DA:267,0
DA:269,0
DA:272,0
DA:273,0
DA:274,0
DA:276,0
DA:277,0
DA:278,0
DA:279,0
DA:282,0
DA:283,0
DA:291,0
DA:292,0
DA:295,0
DA:321,3
DA:324,0
DA:325,0
LF:140
LH:38
end_of_record
SF:C:\Users\felip_0vh5fa6\.puro\shared\pub_cache\hosted\pub.dev\matcher-0.12.16\lib\src\interfaces.dart
DA:35,89
DA:57,0
LF:2
LH:1
end_of_record
SF:C:\Users\felip_0vh5fa6\.puro\shared\pub_cache\hosted\pub.dev\matcher-0.12.16\lib\src\iterable_matchers.dart
DA:13,0
DA:14,0
DA:19,0
DA:21,0
DA:24,0
DA:25,0
DA:26,0
DA:29,0
DA:34,0
DA:36,0
DA:38,0
DA:41,0
DA:42,0
DA:43,0
DA:45,0
DA:46,0
DA:47,0
DA:48,0
DA:49,0
DA:50,0
DA:51,0
DA:52,0
DA:54,0
DA:55,0
DA:57,0
DA:61,0
DA:67,0
DA:68,0
DA:73,0
DA:75,0
DA:77,0
DA:79,0
DA:81,0
DA:88,2
DA:94,2
DA:96,1
DA:98,2
DA:100,0
DA:102,0
DA:104,0
DA:107,0
DA:117,0
DA:122,0
DA:123,0
DA:124,0
DA:126,0
DA:128,0
DA:129,0
DA:130,0
DA:136,3
DA:144,0
DA:150,1
DA:151,2
DA:154,1
DA:156,4
DA:157,0
DA:158,1
DA:159,0
DA:162,4
DA:163,3
DA:164,4
DA:165,5
DA:166,2
DA:172,3
DA:173,3
DA:174,1
DA:177,3
DA:178,1
DA:179,1
DA:180,0
DA:181,0
DA:182,0
DA:183,0
DA:185,0
DA:186,0
DA:187,0
DA:189,0
DA:190,0
DA:196,1
DA:198,2
DA:200,0
DA:202,0
DA:203,0
DA:204,0
DA:206,0
DA:209,0
DA:216,1
DA:218,1
DA:222,1
DA:225,4
DA:226,2
DA:227,1
DA:228,1
DA:232,0
DA:233,1
DA:246,0
DA:248,0
DA:257,0
DA:259,0
DA:261,0
DA:262,0
DA:264,0
DA:265,0
DA:266,0
DA:267,0
DA:268,0
DA:271,0
DA:276,0
DA:278,0
DA:280,0
DA:283,0
DA:285,0
DA:288,0
DA:289,0
DA:290,0
DA:291,0
DA:292,0
DA:314,2
DA:319,1
DA:321,2
DA:322,0
DA:324,0
DA:335,2
DA:340,1
DA:342,1
DA:343,3
DA:345,2
DA:346,3
DA:347,2
DA:349,0
DA:350,0
DA:351,0
DA:352,0
DA:353,0
DA:356,1
DA:358,1
DA:360,0
DA:362,0
DA:363,0
DA:364,0
DA:366,0
DA:369,0
DA:374,0
DA:379,0
DA:381,0
DA:382,0
DA:383,0
DA:384,0
DA:385,0
DA:387,0
DA:390,0
DA:391,0
DA:392,0
DA:393,0
DA:394,0
DA:396,0
DA:397,0
DA:398,0
DA:399,0
DA:400,0
DA:401,0
DA:404,0
DA:406,0
DA:408,0
DA:410,0
DA:412,0
DA:415,0
LF:167
LH:43
end_of_record
SF:C:\Users\felip_0vh5fa6\.puro\shared\pub_cache\hosted\pub.dev\matcher-0.12.16\lib\src\map_matchers.dart
DA:9,0
DA:14,0
DA:16,0
DA:18,0
DA:19,0
DA:21,0
DA:26,0
DA:27,0
DA:33,0
DA:35,0
DA:37,0
DA:38,0
DA:40,0
DA:43,0
DA:44,0
DA:45,0
DA:46,0
DA:49,0
DA:52,0
DA:54,0
DA:55,0
DA:58,0
DA:59,0
DA:60,0
DA:61,0
DA:62,0
LF:26
LH:0
end_of_record
SF:C:\Users\felip_0vh5fa6\.puro\shared\pub_cache\hosted\pub.dev\matcher-0.12.16\lib\src\numeric_matchers.dart
DA:13,0
DA:18,0
DA:20,0
DA:22,0
DA:23,0
DA:24,0
DA:27,0
DA:29,0
DA:30,0
DA:31,0
DA:32,0
DA:34,0
DA:37,0
DA:38,0
DA:39,0
DA:45,0
DA:49,0
DA:50,0
DA:54,0
DA:55,0
DA:59,0
DA:60,0
DA:66,0
DA:69,0
DA:71,0
DA:74,0
DA:75,0
DA:77,0
DA:78,0
DA:81,0
DA:84,0
DA:86,0
DA:87,0
DA:88,0
LF:34
LH:0
end_of_record
SF:C:\Users\felip_0vh5fa6\.puro\shared\pub_cache\hosted\pub.dev\matcher-0.12.16\lib\src\operator_matchers.dart
DA:9,6
DA:14,2
DA:16,2
DA:18,4
DA:20,0
DA:22,0
DA:31,0
DA:38,0
DA:44,0
DA:46,0
DA:48,0
DA:49,0
DA:50,0
DA:57,0
DA:60,0
DA:61,0
DA:62,0
DA:66,0
DA:68,0
DA:81,8
DA:88,16
DA:94,8
DA:96,8
DA:98,16
DA:99,8
DA:106,0
DA:108,0
DA:111,8
DA:114,8
DA:121,0
DA:127,0
DA:130,16
LF:32
LH:13
end_of_record
SF:C:\Users\felip_0vh5fa6\.puro\shared\pub_cache\hosted\pub.dev\matcher-0.12.16\lib\src\order_matchers.dart
DA:9,0
DA:10,0
DA:14,0
DA:19,0
DA:20,0
DA:24,0
DA:25,0
DA:72,10
DA:77,0
DA:79,0
DA:80,0
DA:81,0
DA:82,0
DA:83,0
DA:84,0
DA:90,0
DA:92,0
DA:94,0
DA:95,0
DA:96,0
DA:98,0
DA:102,0
DA:105,0
DA:106,0
LF:24
LH:1
end_of_record
SF:C:\Users\felip_0vh5fa6\.puro\shared\pub_cache\hosted\pub.dev\matcher-0.12.16\lib\src\string_matchers.dart
DA:10,0
DA:16,0
DA:18,0
DA:20,0
DA:22,0
DA:24,0
DA:26,0
DA:46,0
DA:47,0
DA:52,0
DA:53,0
DA:55,0
DA:57,0
DA:59,0
DA:61,0
DA:63,0
DA:67,0
DA:68,0
DA:69,0
DA:75,0
DA:80,0
DA:82,0
DA:83,0
DA:85,0
DA:87,0
DA:92,0
DA:97,0
DA:99,0
DA:100,0
DA:102,0
DA:104,0
DA:113,0
DA:114,0
DA:119,0
DA:121,0
DA:124,0
DA:125,0
DA:126,0
DA:127,0
DA:132,0
DA:133,0
DA:134,0
DA:142,0
DA:147,0
DA:148,0
DA:149,0
DA:150,0
DA:152,0
DA:154,0
DA:155,0
DA:157,0
DA:159,0
DA:164,0
DA:165,0
DA:167,0
DA:168,0
DA:169,0
DA:171,0
DA:175,0
DA:179,0
DA:182,0
DA:183,0
LF:62
LH:0
end_of_record
SF:C:\Users\felip_0vh5fa6\.puro\shared\pub_cache\hosted\pub.dev\matcher-0.12.16\lib\src\type_matcher.dart
DA:18,14
DA:62,58
DA:84,0
DA:87,0
DA:89,0
DA:91,0
DA:92,0
DA:95,9
DA:96,9
DA:98,0
DA:101,0
DA:102,0
DA:106,0
DA:114,0
DA:115,0
LF:15
LH:4
end_of_record
SF:C:\Users\felip_0vh5fa6\.puro\shared\pub_cache\hosted\pub.dev\matcher-0.12.16\lib\src\util.dart
DA:21,0
DA:22,0
DA:25,3
DA:26,3
DA:27,3
DA:28,3
DA:29,3
DA:37,10
DA:38,10
DA:40,6
DA:42,0
DA:43,6
DA:47,0
DA:49,6
DA:57,0
DA:58,0
DA:59,0
DA:60,0
DA:62,0
DA:67,0
DA:68,0
DA:69,0
LF:22
LH:10
end_of_record
SF:C:\Users\felip_0vh5fa6\.puro\shared\pub_cache\hosted\pub.dev\matcher-0.12.16\lib\src\feature_matcher.dart
DA:12,13
DA:14,3
DA:16,6
DA:20,0
DA:23,0
DA:24,0
DA:28,0
DA:31,0
LF:8
LH:3
end_of_record
SF:C:\Users\felip_0vh5fa6\.puro\shared\pub_cache\hosted\pub.dev\matcher-0.12.16\lib\src\pretty_print.dart
DA:18,0
DA:19,0
DA:22,0
DA:23,0
DA:24,0
DA:25,0
DA:29,0
DA:30,0
DA:31,0
DA:33,0
DA:35,0
DA:38,0
DA:39,0
DA:40,0
DA:45,0
DA:47,0
DA:48,0
DA:53,0
DA:54,0
DA:55,0
DA:56,0
DA:58,0
DA:59,0
DA:60,0
DA:63,0
DA:64,0
DA:69,0
DA:71,0
DA:72,0
DA:77,0
DA:78,0
DA:79,0
DA:80,0
DA:83,0
DA:84,0
DA:85,0
DA:86,0
DA:88,0
DA:89,0
DA:93,0
DA:98,0
DA:99,0
DA:100,0
DA:101,0
DA:102,0
DA:103,0
DA:108,0
DA:113,0
DA:116,0
DA:120,0
DA:121,0
DA:122,0
DA:123,0
DA:124,0
DA:125,0
DA:133,0
LF:56
LH:0
end_of_record
SF:C:\Users\felip_0vh5fa6\.puro\shared\pub_cache\hosted\pub.dev\matcher-0.12.16\lib\src\expect\async_matcher.dart
DA:23,34
DA:36,0
DA:38,0
DA:39,0
DA:41,0
DA:42,0
DA:48,0
DA:49,0
DA:50,0
DA:52,0
DA:54,0
DA:56,0
DA:57,0
DA:64,0
DA:67,0
LF:15
LH:1
end_of_record
SF:C:\Users\felip_0vh5fa6\.puro\shared\pub_cache\hosted\pub.dev\matcher-0.12.16\lib\src\expect\util\pretty_print.dart
DA:12,0
DA:13,0
DA:14,0
DA:15,0
DA:17,0
DA:20,0
DA:21,0
DA:23,0
DA:24,0
DA:31,0
DA:32,0
DA:35,0
DA:38,0
DA:44,0
DA:45,0
DA:47,0
LF:16
LH:0
end_of_record
SF:C:\Users\felip_0vh5fa6\.puro\shared\pub_cache\hosted\pub.dev\matcher-0.12.16\lib\src\expect\util\placeholder.dart
DA:11,10
LF:1
LH:1
end_of_record
SF:C:\Users\felip_0vh5fa6\.puro\shared\pub_cache\hosted\pub.dev\matcher-0.12.16\lib\src\having_matcher.dart
DA:16,0
DA:18,0
DA:19,0
DA:22,0
DA:28,0
DA:29,0
DA:30,0
DA:33,0
DA:36,0
DA:37,0
DA:39,0
DA:41,0
DA:42,0
DA:43,0
DA:50,0
DA:53,0
DA:54,0
DA:55,0
DA:59,0
DA:61,0
DA:62,0
DA:63,0
DA:64,0
DA:70,0
DA:71,0
DA:73,0
DA:74,0
LF:27
LH:0
end_of_record
SF:C:\Users\felip_0vh5fa6\.puro\shared\pub_cache\hosted\pub.dev\equatable-2.0.5\lib\src\equatable.dart
DA:23,0
DA:43,0
DA:45,0
DA:48,0
DA:49,0
DA:50,0
DA:52,0
DA:53,0
DA:55,0
DA:57,0
DA:58,0
DA:59,0
DA:60,0
DA:61,0
DA:63,0
DA:64,0
DA:65,0
LF:17
LH:0
end_of_record
SF:C:\Users\felip_0vh5fa6\.puro\shared\pub_cache\hosted\pub.dev\equatable-2.0.5\lib\src\equatable_config.dart
DA:21,0
DA:23,0
DA:26,0
DA:32,0
LF:4
LH:0
end_of_record
SF:C:\Users\felip_0vh5fa6\.puro\shared\pub_cache\hosted\pub.dev\equatable-2.0.5\lib\src\equatable_mixin.dart
DA:16,0
DA:18,11
DA:21,10
DA:22,30
DA:23,15
DA:26,0
DA:27,0
DA:29,0
DA:31,0
DA:32,0
DA:33,0
DA:34,0
DA:35,0
DA:37,0
DA:38,0
DA:39,0
LF:16
LH:4
end_of_record
SF:C:\Users\felip_0vh5fa6\.puro\shared\pub_cache\hosted\pub.dev\equatable-2.0.5\lib\src\equatable_utils.dart
DA:5,0
DA:6,0
DA:11,4
DA:14,4
DA:15,8
DA:17,8
DA:18,4
DA:19,4
DA:21,5
DA:22,1
DA:23,8
DA:24,0
DA:25,12
DA:27,4
DA:34,4
DA:35,8
DA:40,0
DA:41,0
DA:42,0
DA:43,0
DA:44,0
DA:45,0
DA:49,0
DA:50,0
DA:52,0
DA:53,0
DA:54,0
DA:56,0
DA:59,0
DA:60,0
DA:61,0
DA:64,0
DA:65,0
DA:66,0
DA:67,0
DA:71,0
DA:72,0
LF:37
LH:13
end_of_record
SF:C:\Users\felip_0vh5fa6\Documents\Projects\dart\due_date\lib\src\due_date.dart
DA:35,1
DA:54,1
DA:65,1
DA:76,1
DA:79,1
DA:82,1
DA:83,1
DA:84,1
DA:85,1
DA:86,1
DA:87,1
DA:88,1
DA:89,1
DA:90,1
DA:93,1
DA:96,1
DA:97,1
DA:98,1
DA:99,1
DA:100,1
DA:101,1
DA:102,1
DA:103,1
DA:104,1
DA:134,1
DA:150,1
DA:172,1
DA:176,1
DA:177,1
DA:179,2
DA:193,1
DA:202,1
DA:203,2
DA:207,1
DA:208,1
DA:209,0
DA:210,1
DA:216,1
DA:221,1
DA:222,1
DA:223,1
DA:304,1
DA:312,1
DA:313,1
DA:334,1
DA:342,1
DA:344,1
DA:371,1
DA:381,1
DA:385,1
DA:412,1
DA:422,1
DA:426,1
DA:434,1
DA:448,1
DA:449,1
DA:450,1
DA:451,1
DA:452,1
DA:453,1
DA:454,1
DA:455,1
DA:456,1
DA:457,1
DA:471,1
DA:472,1
DA:473,1
DA:474,1
DA:486,1
DA:487,1
DA:488,1
DA:489,1
DA:511,1
DA:516,1
DA:517,2
DA:540,1
DA:545,1
DA:546,2
DA:558,1
DA:559,2
DA:560,0
DA:561,0
DA:563,2
DA:577,2
DA:578,1
DA:591,1
DA:595,2
DA:596,1
DA:597,2
DA:598,1
DA:601,0
DA:602,0
DA:603,0
DA:618,1
DA:622,2
DA:642,1
DA:646,2
DA:647,1
DA:648,2
DA:649,1
DA:652,0
DA:653,0
DA:654,0
DA:669,1
DA:673,2
DA:675,0
DA:677,0
DA:678,0
DA:681,1
DA:684,5
DA:697,1
DA:701,1
DA:702,2
DA:703,0
DA:704,2
DA:705,1
DA:718,0
DA:722,0
DA:723,0
DA:724,0
DA:725,0
DA:726,0
DA:729,1
DA:730,1
DA:731,1
DA:732,1
DA:733,1
DA:734,1
DA:735,1
DA:736,1
DA:737,1
DA:738,1
DA:739,1
LF:133
LH:114
end_of_record
SF:C:\Users\felip_0vh5fa6\Documents\Projects\dart\due_date\lib\src\enums.dart
DA:57,4
DA:58,8
DA:62,9
DA:63,9
DA:65,8
DA:67,8
DA:69,8
DA:71,8
DA:73,8
DA:75,8
DA:78,1
DA:91,2
DA:95,0
DA:96,0
DA:100,1
DA:101,1
DA:104,3
DA:105,1
DA:107,1
DA:108,2
DA:113,7
DA:114,7
DA:115,21
DA:116,7
DA:117,12
DA:118,18
DA:121,0
DA:122,0
DA:125,0
DA:128,0
DA:131,0
DA:134,0
DA:140,0
DA:141,0
DA:147,0
DA:148,0
DA:151,3
DA:153,3
DA:155,2
DA:157,1
DA:159,1
DA:161,1
DA:163,1
DA:165,0
DA:171,0
DA:173,0
DA:175,0
DA:177,0
DA:179,0
DA:181,0
DA:183,0
DA:185,0
DA:191,4
DA:192,12
DA:193,9
DA:200,2
DA:201,6
DA:202,6
DA:209,2
DA:210,8
DA:214,1
DA:215,4
DA:261,0
DA:265,1
DA:266,1
DA:268,1
DA:270,1
DA:272,1
DA:274,1
DA:276,1
DA:278,1
DA:280,1
DA:282,1
DA:284,1
DA:286,1
DA:288,1
DA:291,1
DA:301,2
DA:302,4
DA:305,0
DA:306,0
DA:309,0
DA:312,0
DA:315,0
DA:318,0
DA:324,0
DA:325,0
DA:331,0
DA:332,0
DA:335,1
DA:336,3
DA:337,3
DA:344,1
DA:345,3
DA:346,3
DA:375,1
DA:377,3
DA:380,2
DA:381,2
DA:383,3
DA:385,4
DA:387,4
DA:389,4
DA:392,0
DA:396,1
DA:403,1
DA:405,1
DA:406,2
DA:407,1
DA:408,2
DA:409,1
DA:411,1
DA:412,2
DA:413,1
DA:415,1
DA:416,2
DA:417,1
DA:419,1
DA:420,1
DA:421,3
DA:422,2
DA:424,2
DA:425,0
DA:435,6
DA:443,3
DA:445,5
DA:447,6
DA:448,12
DA:449,6
DA:452,8
DA:455,12
DA:458,6
DA:462,0
DA:463,0
DA:466,0
DA:469,0
DA:472,0
DA:475,0
DA:481,0
DA:487,0
DA:490,0
DA:491,0
DA:492,0
DA:499,0
DA:500,0
DA:501,0
DA:802,0
DA:803,0
DA:804,0
DA:808,0
DA:809,0
DA:810,0
DA:816,1
DA:817,2
DA:819,1
DA:820,2
DA:822,1
DA:823,2
DA:825,0
DA:827,0
DA:830,1
DA:831,2
DA:833,0
DA:834,0
DA:836,0
DA:837,0
DA:839,0
DA:840,0
DA:842,0
DA:844,0
DA:849,0
DA:854,0
DA:859,0
DA:864,0
DA:866,0
DA:867,0
DA:869,0
DA:870,0
DA:912,0
DA:913,0
DA:915,0
DA:916,0
LF:182
LH:106
end_of_record
SF:C:\Users\felip_0vh5fa6\Documents\Projects\dart\due_date\lib\src\period_generator.dart
DA:22,15
DA:26,75
DA:32,11
DA:36,55
DA:39,12
DA:40,24
DA:41,12
DA:48,21
DA:50,2
DA:52,2
DA:53,2
DA:57,2
DA:64,0
DA:67,0
DA:70,0
DA:71,0
DA:77,22
DA:79,2
DA:81,2
DA:82,2
DA:87,2
DA:95,0
DA:98,0
DA:101,0
DA:102,0
DA:108,22
DA:110,2
DA:112,2
DA:113,2
DA:119,2
DA:128,0
DA:131,0
DA:134,0
DA:135,0
DA:141,22
DA:143,2
DA:145,2
DA:146,2
DA:147,2
DA:150,0
DA:153,0
DA:156,0
DA:157,0
DA:163,13
DA:168,3
DA:170,9
DA:171,4
DA:172,6
DA:173,6
DA:175,6
DA:176,3
DA:179,0
DA:182,0
DA:185,0
DA:186,0
DA:193,12
DA:195,2
DA:197,4
DA:198,2
DA:199,2
DA:200,4
DA:201,2
DA:204,1
DA:206,2
DA:210,0
DA:213,0
DA:216,0
DA:217,0
DA:223,23
DA:225,3
DA:227,3
DA:228,6
DA:229,6
DA:233,0
DA:236,0
DA:239,0
DA:240,0
DA:247,12
DA:249,2
DA:251,4
DA:252,2
DA:253,4
DA:254,2
DA:255,4
DA:256,2
DA:257,2
DA:258,4
DA:259,2
DA:262,1
DA:264,1
DA:267,1
DA:269,1
DA:272,1
DA:274,2
DA:278,0
DA:281,0
DA:284,0
DA:285,0
DA:292,12
DA:294,2
DA:296,4
DA:297,2
DA:298,2
DA:299,4
DA:300,2
DA:303,1
DA:305,2
DA:309,0
DA:312,0
DA:315,0
DA:316,0
DA:322,12
DA:324,2
DA:326,2
DA:327,4
DA:328,4
DA:332,0
DA:335,0
DA:338,0
DA:339,0
LF:120
LH:80
end_of_record
SF:C:\Users\felip_0vh5fa6\Documents\Projects\dart\due_date\lib\src\date_validator.dart
DA:13,28
DA:46,8
DA:47,8
DA:49,0
DA:52,0
DA:54,0
DA:56,0
DA:57,0
DA:69,24
DA:73,0
DA:74,0
DA:95,1
DA:98,1
DA:99,0
DA:102,6
DA:103,24
DA:105,0
DA:106,0
DA:108,0
DA:109,0
DA:125,14
DA:129,3
DA:138,0
DA:142,0
DA:154,1
DA:157,1
DA:158,1
DA:159,0
DA:160,0
DA:163,3
DA:165,6
DA:166,6
DA:167,6
DA:168,6
DA:170,6
DA:173,0
DA:175,0
DA:177,1
DA:178,3
DA:194,3
DA:198,3
DA:207,0
DA:211,0
DA:225,0
DA:228,0
DA:229,0
DA:230,0
DA:231,0
DA:234,2
DA:236,2
DA:237,2
DA:238,4
DA:239,2
DA:240,2
DA:241,2
DA:242,6
DA:246,0
DA:248,0
DA:250,0
DA:251,0
DA:261,16
DA:268,0
DA:269,0
DA:270,0
DA:271,0
DA:281,1
DA:284,1
DA:285,1
DA:286,3
DA:287,3
DA:290,5
DA:292,10
DA:293,5
DA:294,5
DA:295,5
DA:296,5
DA:298,15
DA:301,0
DA:303,0
DA:304,0
DA:308,0
DA:309,0
DA:319,4
DA:323,3
DA:329,0
DA:333,0
DA:348,1
DA:351,1
DA:352,1
DA:353,0
DA:354,0
DA:357,3
DA:359,6
DA:360,6
DA:361,6
DA:362,6
DA:364,6
DA:367,0
DA:369,0
DA:371,0
DA:372,0
DA:379,20
DA:389,3
DA:391,2
DA:393,8
DA:396,1
DA:399,1
DA:400,1
DA:401,3
DA:404,0
DA:405,0
DA:414,23
DA:416,3
DA:418,12
DA:421,1
DA:424,1
DA:425,4
DA:428,0
DA:429,0
DA:438,3
DA:440,2
DA:443,4
DA:444,4
DA:445,2
DA:447,2
DA:451,0
DA:454,0
DA:455,0
DA:456,0
DA:458,0
DA:462,1
DA:465,1
DA:466,1
DA:467,3
DA:470,0
DA:471,0
LF:136
LH:79
end_of_record
SF:C:\Users\felip_0vh5fa6\Documents\Projects\dart\due_date\lib\src\every.dart
DA:38,2
DA:41,2
DA:44,2
DA:63,0
DA:108,0
DA:154,0
DA:155,0
DA:162,0
DA:163,0
DA:186,2
DA:187,2
DA:194,1
DA:195,2
DA:218,0
DA:219,0
DA:226,0
DA:227,0
DA:233,0
DA:244,23
DA:250,0
DA:251,0
DA:265,4
DA:267,4
[...]
DA:1303,2
DA:1304,1
DA:1305,1
DA:1306,2
DA:1311,2
DA:1312,1
DA:1313,1
DA:1315,3
DA:1319,2
DA:1325,2
DA:1326,1
DA:1327,1
DA:1328,2
DA:1329,2
DA:1330,1
DA:1331,1
DA:1332,1
DA:1335,2
DA:1336,1
DA:1337,1
DA:1338,2
DA:1342,2
DA:1343,1
DA:1345,2
DA:1346,1
DA:1347,2
DA:1350,1
DA:1353,4
DA:1356,2
DA:1357,1
DA:1359,1
DA:1361,4
DA:1363,1
DA:1366,4
DA:1371,2
DA:1372,2
DA:1373,1
DA:1374,1
DA:1375,3
DA:1377,2
DA:1378,1
DA:1379,1
DA:1380,3
DA:1382,2
DA:1383,1
DA:1384,1
DA:1385,3
DA:1387,2
DA:1388,1
DA:1389,1
DA:1390,1
DA:1392,2
DA:1393,1
DA:1394,1
DA:1395,2
DA:1400,2
DA:1401,1
DA:1402,1
DA:1404,3
DA:1407,2
DA:1408,2
DA:1409,1
DA:1410,1
DA:1411,3
DA:1413,2
DA:1414,1
DA:1415,1
DA:1416,3
DA:1418,2
DA:1419,1
DA:1420,1
DA:1421,3
DA:1423,2
DA:1424,1
DA:1425,1
DA:1426,1
DA:1428,2
DA:1429,1
DA:1430,1
DA:1431,2
DA:1436,2
DA:1437,1
DA:1438,1
DA:1440,3
DA:1443,2
DA:1444,2
DA:1445,1
DA:1446,1
DA:1447,3
DA:1449,2
DA:1450,1
DA:1451,1
DA:1452,3
DA:1454,2
DA:1455,1
DA:1456,1
DA:1457,3
DA:1459,2
DA:1460,1
DA:1461,1
DA:1462,1
DA:1464,2
DA:1465,1
DA:1466,1
DA:1467,2
DA:1472,2
DA:1473,1
DA:1474,1
DA:1476,3
LF:916
LH:916
end_of_record
SF:C:\Users\felip_0vh5fa6\Documents\Projects\dart\due_date\test\extensions_test.dart
DA:5,1
DA:6,2
DA:7,2
DA:8,3
DA:10,2
DA:11,3
DA:13,2
DA:14,3
DA:17,2
DA:18,2
DA:19,1
DA:20,2
DA:22,2
DA:23,1
DA:24,2
DA:28,2
DA:29,1
DA:30,2
DA:35,2
DA:36,1
DA:37,2
DA:38,2
DA:39,2
DA:41,2
DA:42,1
DA:43,2
DA:46,2
DA:47,1
DA:48,2
DA:49,2
DA:50,2
DA:52,2
DA:53,1
DA:54,2
DA:59,2
DA:60,2
DA:61,1
DA:62,2
DA:63,1
DA:64,1
DA:65,2
DA:68,2
DA:69,1
DA:70,1
DA:71,2
DA:74,2
DA:75,1
DA:76,1
DA:77,2
DA:80,2
DA:81,1
DA:82,1
DA:83,2
DA:86,2
DA:87,1
DA:88,1
DA:89,2
DA:92,2
DA:93,1
DA:94,1
DA:95,2
DA:98,2
DA:99,1
DA:100,1
DA:101,2
DA:105,2
DA:106,1
DA:107,2
DA:108,1
DA:109,1
DA:110,2
DA:113,2
DA:114,1
DA:115,1
DA:116,2
DA:119,2
DA:120,1
DA:121,1
DA:122,2
DA:125,2
DA:126,1
DA:127,1
DA:128,2
DA:131,2
DA:132,1
DA:133,1
DA:134,2
DA:137,2
DA:138,1
DA:139,1
DA:140,2
DA:143,2
DA:144,1
DA:145,1
DA:146,2
DA:151,2
DA:152,1
DA:153,1
DA:154,2
DA:155,3
DA:158,2
DA:159,1
DA:160,2
DA:161,2
DA:162,2
DA:163,2
DA:164,2
DA:165,1
DA:166,1
DA:167,3
DA:171,2
DA:172,2
DA:173,3
DA:174,2
DA:175,1
DA:176,2
DA:177,4
DA:182,2
DA:183,2
DA:184,2
DA:185,1
DA:186,1
DA:187,1
DA:188,5
DA:192,2
DA:193,2
DA:194,3
DA:195,2
DA:196,1
DA:197,2
DA:198,4
DA:204,2
DA:207,1
DA:208,2
DA:209,1
DA:210,3
DA:212,2
DA:213,1
DA:214,3
DA:216,2
DA:217,1
DA:218,3
DA:221,2
DA:224,1
DA:225,2
DA:226,1
DA:227,3
DA:229,2
DA:230,1
DA:231,3
DA:233,2
DA:234,1
DA:235,3
LF:153
LH:153
end_of_record
SF:C:\Users\felip_0vh5fa6\Documents\Projects\dart\due_date\test\period_generator_test.dart
DA:5,1
DA:6,2
DA:8,2
DA:9,1
DA:10,1
DA:11,1
DA:13,2
DA:14,2
DA:15,2
DA:17,2
DA:18,2
DA:19,2
DA:22,2
DA:23,2
DA:24,2
DA:25,1
DA:26,1
DA:27,1
DA:28,1
DA:30,2
DA:32,2
DA:33,2
DA:34,1
DA:35,1
DA:36,1
DA:37,1
DA:39,2
DA:42,2
DA:43,2
DA:44,2
DA:45,1
DA:46,1
DA:47,1
DA:48,1
DA:50,2
DA:52,2
DA:53,2
DA:54,1
DA:55,1
DA:56,1
DA:57,1
DA:59,2
DA:62,2
DA:63,1
DA:64,1
DA:65,1
DA:67,2
DA:70,2
DA:72,2
DA:73,1
DA:74,1
DA:75,1
DA:77,2
DA:78,2
DA:79,2
DA:81,2
DA:82,2
DA:83,2
DA:86,2
DA:87,2
DA:88,2
DA:89,1
DA:90,1
DA:91,1
DA:92,1
DA:94,2
DA:96,2
DA:97,2
DA:98,1
DA:99,1
DA:100,1
DA:101,1
DA:103,2
DA:106,2
DA:107,2
DA:108,2
DA:109,1
DA:110,1
DA:111,1
DA:112,1
DA:114,2
DA:116,2
DA:117,2
DA:118,1
DA:119,1
DA:120,1
DA:121,1
DA:123,2
DA:126,2
DA:127,1
DA:128,1
DA:129,1
DA:131,2
DA:134,2
DA:136,2
DA:137,1
DA:138,1
DA:139,1
DA:141,2
DA:142,2
DA:143,2
DA:145,2
DA:146,2
DA:147,2
DA:150,2
DA:152,2
DA:153,1
DA:154,2
DA:155,2
DA:157,2
DA:158,3
DA:160,2
DA:161,2
DA:162,3
DA:164,2
DA:165,1
DA:166,1
DA:168,3
DA:171,2
DA:172,2
DA:173,2
DA:174,1
DA:175,1
DA:176,1
DA:177,1
DA:179,2
DA:181,2
DA:182,2
DA:183,1
DA:184,1
DA:185,1
DA:186,1
DA:188,2
DA:191,2
DA:192,2
DA:193,2
DA:194,1
DA:195,1
DA:196,1
DA:197,1
DA:199,2
DA:201,2
DA:202,2
DA:203,1
DA:204,1
DA:205,1
DA:206,1
DA:208,2
DA:211,2
DA:212,1
DA:213,1
DA:214,1
DA:216,2
DA:219,2
DA:221,2
DA:222,1
DA:223,1
DA:224,1
DA:226,2
DA:227,2
DA:228,2
DA:230,2
DA:231,2
DA:232,2
DA:235,2
DA:237,2
DA:238,1
DA:239,2
DA:240,2
DA:242,2
DA:243,3
DA:245,2
DA:246,2
DA:247,3
DA:249,2
DA:250,1
DA:251,1
DA:253,3
DA:256,2
DA:257,2
DA:258,2
DA:259,1
DA:260,1
DA:261,1
DA:262,1
DA:264,2
DA:266,2
DA:267,2
DA:268,1
DA:269,1
DA:270,1
DA:271,1
DA:273,2
DA:276,2
DA:277,2
DA:278,2
DA:279,1
DA:280,1
DA:281,1
DA:282,1
DA:284,2
DA:286,2
DA:287,2
DA:288,1
DA:289,1
DA:290,1
DA:291,1
DA:293,2
DA:296,2
DA:297,1
DA:298,1
DA:299,1
DA:301,2
DA:304,2
DA:305,2
DA:306,1
DA:307,2
DA:309,1
DA:310,1
DA:311,1
DA:313,3
DA:315,2
DA:317,1
DA:318,1
DA:321,3
DA:323,2
DA:325,1
DA:326,1
DA:327,1
DA:329,3
DA:331,2
DA:333,1
DA:334,1
DA:335,1
DA:337,3
DA:339,2
DA:341,1
DA:342,1
DA:343,1
DA:345,3
DA:347,2
DA:349,1
DA:350,1
DA:351,1
DA:353,3
DA:355,2
DA:357,1
DA:358,1
DA:359,1
DA:361,3
DA:364,2
DA:365,1
DA:366,2
DA:368,1
DA:369,1
DA:372,3
DA:374,2
DA:376,1
DA:377,1
DA:378,1
DA:380,3
DA:382,2
DA:384,1
DA:385,1
DA:386,1
DA:388,3
DA:390,2
DA:392,1
DA:393,1
DA:394,1
DA:396,3
DA:398,2
DA:400,1
DA:401,1
DA:402,1
DA:404,3
DA:406,2
DA:408,1
DA:409,1
DA:410,1
DA:412,3
DA:414,2
DA:416,1
DA:417,1
DA:418,1
DA:420,3
DA:423,2
DA:424,1
DA:425,2
DA:427,1
DA:428,1
DA:429,1
DA:431,3
DA:433,2
DA:435,1
DA:436,1
DA:437,1
DA:439,3
DA:441,2
DA:443,1
DA:444,1
DA:445,1
DA:447,3
DA:449,2
DA:451,1
DA:452,1
DA:453,1
DA:455,3
DA:457,2
DA:459,1
DA:460,1
DA:461,1
DA:463,3
DA:465,2
DA:467,1
DA:468,1
DA:469,1
DA:471,3
DA:473,2
DA:475,1
DA:476,1
DA:479,3
DA:482,2
DA:483,1
DA:484,2
DA:486,1
DA:487,1
DA:488,1
DA:490,3
DA:492,2
DA:494,1
DA:495,1
DA:496,1
DA:498,3
DA:500,2
DA:502,1
DA:503,1
DA:504,1
DA:506,3
DA:508,2
DA:510,1
DA:511,1
DA:512,1
DA:514,3
DA:516,2
DA:518,1
DA:519,1
DA:520,1
DA:522,3
DA:524,2
DA:526,1
DA:527,1
DA:530,3
DA:532,2
DA:534,1
DA:535,1
DA:536,1
DA:538,3
DA:541,2
DA:542,1
DA:543,2
DA:545,1
DA:546,1
DA:547,1
DA:549,3
DA:551,2
DA:553,1
DA:554,1
DA:555,1
DA:557,3
DA:559,2
DA:561,1
DA:562,1
DA:563,1
DA:565,3
DA:567,2
DA:569,1
DA:570,1
DA:571,1
DA:573,3
DA:575,2
DA:577,1
DA:578,1
DA:581,3
DA:583,2
DA:585,1
DA:586,1
DA:587,1
DA:589,3
DA:591,2
DA:593,1
DA:594,1
DA:595,1
DA:597,3
DA:600,2
DA:601,1
DA:602,2
DA:604,1
DA:605,1
DA:606,1
DA:608,3
DA:610,2
DA:612,1
DA:613,1
DA:614,1
DA:616,3
DA:618,2
DA:620,1
DA:621,1
DA:622,1
DA:624,3
DA:626,2
DA:628,1
DA:629,1
DA:632,3
DA:634,2
DA:636,1
DA:637,1
DA:638,1
DA:640,3
DA:642,2
DA:644,1
DA:645,1
DA:646,1
DA:648,3
DA:650,2
DA:652,1
DA:653,1
DA:654,1
DA:656,3
DA:659,2
DA:660,1
DA:661,2
DA:663,1
DA:664,1
DA:665,1
DA:667,3
DA:669,2
DA:671,1
DA:672,1
DA:673,1
DA:675,3
DA:677,2
DA:679,1
DA:680,1
DA:683,3
DA:685,2
DA:687,1
DA:688,1
DA:689,1
DA:691,3
DA:693,2
DA:695,1
DA:696,1
DA:697,1
DA:699,3
DA:701,2
DA:703,1
DA:704,1
DA:705,1
DA:707,3
DA:709,2
DA:711,1
DA:712,1
DA:713,1
DA:715,3
DA:717,2
DA:720,1
DA:721,1
DA:722,2
DA:723,2
DA:725,2
DA:726,3
DA:728,2
DA:729,5
DA:731,2
DA:732,5
DA:736,2
DA:738,2
DA:739,2
DA:740,1
DA:741,1
DA:742,1
DA:743,1
DA:745,2
DA:747,2
DA:748,2
DA:749,1
DA:750,1
DA:751,1
DA:752,1
DA:754,2
DA:757,2
DA:759,2
DA:760,2
DA:761,1
DA:762,1
DA:763,1
DA:764,1
DA:766,2
DA:768,2
DA:769,2
DA:770,1
DA:771,1
DA:772,1
DA:773,1
DA:775,2
DA:778,2
DA:780,1
DA:781,1
DA:782,1
DA:784,2
DA:787,2
DA:789,2
DA:790,1
DA:791,1
DA:792,1
DA:793,1
DA:795,2
DA:796,3
DA:798,2
DA:800,1
DA:801,1
DA:802,2
DA:803,2
DA:805,2
DA:806,3
DA:808,2
DA:809,4
DA:811,2
DA:812,1
DA:813,1
DA:814,3
DA:819,2
DA:820,2
DA:821,1
DA:822,1
DA:823,1
DA:824,1
DA:826,2
DA:827,3
DA:829,2
DA:831,1
DA:832,1
DA:833,2
DA:834,2
DA:836,2
DA:837,3
DA:839,2
DA:840,4
DA:842,2
DA:843,1
DA:844,1
DA:845,3
DA:850,2
DA:851,1
DA:852,1
DA:853,1
DA:854,1
DA:856,2
DA:857,3
DA:859,2
DA:861,1
DA:862,1
DA:863,2
DA:864,2
DA:866,2
DA:867,3
DA:869,2
DA:870,4
DA:872,2
DA:873,1
DA:874,1
DA:875,3
DA:880,2
DA:881,1
DA:882,1
DA:883,1
DA:884,1
DA:886,2
DA:887,3
DA:889,2
DA:891,1
DA:892,1
DA:893,2
DA:894,2
DA:896,2
DA:897,3
DA:899,2
DA:900,4
DA:902,2
DA:903,1
DA:904,1
DA:905,3
DA:910,2
DA:911,1
DA:912,1
DA:913,1
DA:914,1
DA:916,2
DA:917,3
DA:919,2
DA:921,1
DA:922,1
DA:923,2
DA:924,2
DA:926,2
DA:927,3
DA:929,2
DA:930,4
DA:932,2
DA:933,1
DA:934,1
DA:935,3
DA:941,2
DA:943,1
DA:944,1
DA:945,1
DA:946,1
DA:948,1
DA:949,1
DA:950,1
DA:952,2
DA:953,3
DA:956,2
DA:958,1
DA:959,1
DA:960,1
DA:961,1
DA:963,1
DA:964,1
DA:965,1
DA:967,2
DA:968,3
DA:971,2
DA:973,2
DA:974,1
DA:975,1
DA:976,1
DA:978,2
DA:980,2
DA:981,1
DA:982,1
DA:983,1
DA:985,2
DA:987,2
DA:988,1
DA:989,1
DA:990,1
DA:992,2
DA:994,2
DA:995,1
DA:996,1
DA:997,1
DA:999,2
DA:1001,2
DA:1002,1
DA:1003,1
DA:1004,1
DA:1006,2
DA:1010,2
DA:1012,2
DA:1013,1
DA:1014,1
DA:1015,1
DA:1016,1
DA:1018,2
DA:1019,3
DA:1021,2
DA:1023,1
DA:1024,1
DA:1025,2
DA:1026,2
DA:1028,2
DA:1029,3
DA:1031,2
DA:1032,4
DA:1034,2
DA:1035,1
DA:1036,1
DA:1037,3
DA:1042,2
DA:1043,2
DA:1044,1
DA:1045,1
DA:1046,1
DA:1047,1
DA:1049,2
DA:1050,3
DA:1052,2
DA:1054,1
DA:1055,1
DA:1056,2
DA:1057,2
DA:1059,2
DA:1060,3
DA:1062,2
DA:1063,4
DA:1065,2
DA:1066,1
DA:1067,1
DA:1068,3
DA:1073,2
DA:1074,1
DA:1075,1
DA:1076,1
DA:1077,1
DA:1079,2
DA:1080,3
DA:1082,2
DA:1084,1
DA:1085,1
DA:1086,2
DA:1087,2
DA:1089,2
DA:1090,3
DA:1092,2
DA:1093,4
DA:1095,2
DA:1096,1
DA:1097,1
DA:1098,3
DA:1103,2
DA:1104,1
DA:1105,1
DA:1106,1
DA:1107,1
DA:1109,2
DA:1110,3
DA:1112,2
DA:1114,1
DA:1115,1
DA:1116,2
DA:1117,2
DA:1119,2
DA:1120,3
DA:1122,2
DA:1123,4
DA:1125,2
DA:1126,1
DA:1127,1
DA:1128,3
DA:1133,2
DA:1134,1
DA:1135,1
DA:1136,1
DA:1137,1
DA:1139,2
DA:1140,3
DA:1142,2
DA:1144,1
DA:1145,1
DA:1146,2
DA:1147,2
DA:1149,2
DA:1150,3
DA:1152,2
DA:1153,4
DA:1155,2
DA:1156,1
DA:1157,1
DA:1158,3
DA:1164,2
DA:1165,1
DA:1166,1
DA:1167,1
DA:1169,1
DA:1170,1
DA:1171,1
DA:1173,2
DA:1174,3
DA:1177,2
DA:1178,1
DA:1179,1
DA:1180,1
DA:1182,1
DA:1183,1
DA:1184,1
DA:1186,2
DA:1187,3
DA:1190,2
DA:1191,2
DA:1192,1
DA:1193,1
DA:1194,1
DA:1196,2
DA:1198,2
DA:1199,1
DA:1200,1
DA:1201,1
DA:1203,2
DA:1205,2
DA:1206,1
DA:1207,1
DA:1208,1
DA:1210,2
DA:1212,2
DA:1213,1
DA:1214,1
DA:1215,1
DA:1217,2
DA:1221,2
DA:1223,2
DA:1224,1
DA:1225,1
DA:1226,1
DA:1227,1
DA:1229,2
DA:1230,3
DA:1232,2
DA:1234,1
DA:1235,1
DA:1236,2
DA:1237,2
DA:1239,2
DA:1240,3
DA:1242,2
DA:1243,4
DA:1245,2
DA:1246,1
DA:1247,1
DA:1248,3
DA:1253,2
DA:1254,1
DA:1255,1
DA:1256,1
DA:1257,1
DA:1259,2
DA:1260,3
DA:1262,2
DA:1264,1
DA:1265,1
DA:1266,2
DA:1267,2
DA:1269,2
DA:1270,3
DA:1272,2
DA:1273,4
DA:1275,2
DA:1276,1
DA:1277,1
DA:1278,3
DA:1283,2
DA:1284,1
DA:1285,1
DA:1286,1
DA:1287,1
DA:1289,2
DA:1290,3
DA:1292,2
DA:1294,1
DA:1295,1
DA:1296,2
DA:1297,2
DA:1299,2
DA:1300,3
DA:1302,2
DA:1303,4
DA:1305,2
DA:1306,1
DA:1307,1
DA:1308,3
DA:1313,2
DA:1314,1
DA:1315,1
DA:1316,1
DA:1317,1
DA:1319,2
DA:1320,3
DA:1322,2
DA:1324,1
DA:1325,1
DA:1326,2
DA:1327,2
DA:1329,2
DA:1330,3
DA:1332,2
DA:1333,4
DA:1335,2
DA:1336,1
DA:1337,1
DA:1338,3
DA:1343,2
DA:1344,1
DA:1345,1
DA:1346,1
DA:1348,1
DA:1349,1
DA:1350,1
DA:1352,2
DA:1353,3
DA:1356,2
DA:1357,1
DA:1358,1
DA:1359,1
DA:1361,1
DA:1362,1
DA:1363,1
DA:1365,2
DA:1366,3
DA:1369,2
DA:1370,2
DA:1371,1
DA:1372,1
DA:1373,1
DA:1375,2
DA:1377,2
DA:1378,1
DA:1379,1
DA:1380,1
DA:1382,2
DA:1384,2
DA:1385,1
DA:1386,1
DA:1387,1
DA:1389,2
DA:1391,2
DA:1392,1
DA:1393,1
DA:1394,1
DA:1396,2
DA:1398,2
DA:1399,1
DA:1400,1
DA:1401,1
DA:1403,2
DA:1407,2
DA:1409,2
DA:1410,1
DA:1411,1
DA:1412,1
DA:1413,1
DA:1415,2
DA:1416,3
DA:1418,2
DA:1420,1
DA:1421,1
DA:1422,2
DA:1423,2
DA:1425,2
DA:1426,3
DA:1428,2
DA:1429,4
DA:1431,2
DA:1432,1
DA:1433,1
DA:1434,3
DA:1439,2
DA:1440,1
DA:1441,1
DA:1442,1
DA:1443,1
DA:1445,2
DA:1446,3
DA:1448,2
DA:1450,1
DA:1451,1
DA:1452,2
DA:1453,2
DA:1455,2
DA:1456,3
DA:1458,2
DA:1459,4
DA:1461,2
DA:1462,1
DA:1463,1
DA:1464,3
DA:1469,2
DA:1470,1
DA:1471,1
DA:1472,1
DA:1474,1
DA:1475,1
DA:1476,1
DA:1478,2
DA:1479,3
DA:1482,2
DA:1483,1
DA:1484,1
DA:1485,1
DA:1487,1
DA:1488,1
DA:1489,1
DA:1491,2
DA:1492,3
DA:1495,2
DA:1496,2
DA:1497,1
DA:1498,1
DA:1499,1
DA:1501,2
DA:1503,2
DA:1504,1
DA:1505,1
DA:1506,1
DA:1508,2
DA:1512,2
DA:1514,2
DA:1515,1
DA:1516,1
DA:1517,1
DA:1518,1
DA:1520,2
DA:1521,3
DA:1523,2
DA:1525,1
DA:1526,1
DA:1527,2
DA:1528,2
DA:1530,2
DA:1531,3
DA:1533,2
DA:1534,4
DA:1536,2
DA:1537,1
DA:1538,1
DA:1539,3
DA:1544,2
DA:1545,1
DA:1546,1
DA:1547,1
DA:1548,1
DA:1550,2
DA:1551,3
DA:1553,2
DA:1555,1
DA:1556,1
DA:1557,2
DA:1558,2
DA:1560,2
DA:1561,3
DA:1563,2
DA:1564,4
DA:1566,2
DA:1567,1
DA:1568,1
DA:1569,3
DA:1574,2
DA:1575,1
DA:1576,1
DA:1577,1
DA:1579,1
DA:1580,1
DA:1581,1
DA:1583,2
DA:1584,3
DA:1587,2
DA:1588,1
DA:1589,1
DA:1590,1
DA:1592,1
DA:1593,1
DA:1594,1
DA:1596,2
DA:1597,3
DA:1600,2
DA:1601,2
DA:1602,1
DA:1603,1
DA:1604,1
DA:1606,2
DA:1608,2
DA:1609,1
DA:1610,1
DA:1611,1
DA:1613,2
LF:1066
LH:1066
end_of_record
SF:C:\Users\felip_0vh5fa6\Documents\Projects\dart\due_date\test\period_test.dart
DA:5,1
DA:6,2
DA:7,2
DA:8,2
DA:9,1
DA:10,1
DA:11,2
DA:12,3
DA:14,2
DA:15,3
DA:17,2
DA:18,1
DA:19,2
DA:23,2
DA:24,1
DA:25,3
DA:29,2
DA:30,1
DA:31,3
DA:37,2
DA:38,1
DA:39,1
DA:40,1
DA:41,2
DA:42,1
DA:43,1
DA:44,1
DA:48,2
DA:49,1
DA:50,1
DA:51,1
DA:53,2
DA:54,3
DA:56,2
DA:57,2
DA:59,2
DA:60,3
DA:62,2
DA:63,3
DA:65,2
DA:66,2
DA:68,2
DA:69,3
DA:71,2
DA:72,3
DA:75,2
DA:76,1
DA:77,1
DA:78,1
DA:79,1
DA:80,1
DA:81,1
DA:82,2
DA:83,2
DA:86,2
DA:87,1
DA:88,1
DA:89,1
DA:90,1
DA:91,1
DA:92,1
DA:93,2
DA:94,2
DA:97,2
DA:98,1
DA:99,1
DA:100,1
DA:101,1
DA:102,1
DA:103,1
DA:104,1
DA:105,2
DA:106,3
DA:109,2
DA:110,1
DA:111,1
DA:112,1
DA:113,1
DA:114,1
DA:115,1
DA:116,1
DA:117,2
DA:118,3
DA:121,2
DA:122,1
DA:123,1
DA:124,1
DA:125,1
DA:126,1
DA:127,1
DA:128,1
DA:129,1
DA:130,2
DA:131,1
DA:132,1
DA:133,2
DA:137,2
DA:138,1
DA:139,1
DA:140,1
DA:141,1
DA:142,1
DA:143,1
DA:144,1
DA:145,1
DA:146,1
DA:147,2
DA:148,1
DA:149,4
DA:150,4
DA:151,4
DA:152,4
DA:153,4
DA:154,4
DA:157,2
DA:158,1
DA:159,1
DA:160,1
DA:161,1
DA:162,1
DA:163,1
DA:164,1
DA:165,1
DA:166,1
DA:167,1
DA:168,2
DA:169,1
DA:170,2
DA:171,2
DA:175,2
DA:176,2
DA:177,1
DA:178,1
DA:179,1
DA:180,1
DA:181,1
DA:182,1
DA:183,1
DA:184,1
DA:185,1
DA:186,1
DA:187,1
DA:188,2
DA:189,2
DA:192,1
DA:196,1
DA:197,1
DA:198,3
DA:199,3
DA:200,3
DA:202,1
DA:203,3
DA:204,3
DA:206,3
DA:208,1
DA:214,1
DA:215,1
DA:216,3
DA:217,3
DA:218,1
DA:219,1
DA:220,1
DA:222,3
DA:224,1
DA:225,3
DA:226,1
DA:227,1
DA:228,1
DA:231,3
DA:234,2
DA:235,1
DA:240,1
DA:241,1
DA:242,1
DA:243,1
DA:245,1
DA:246,1
DA:247,1
DA:249,1
DA:250,1
DA:251,1
DA:254,1
DA:255,1
DA:257,1
DA:259,2
DA:261,1
DA:265,1
DA:266,1
DA:267,1
DA:268,1
DA:270,1
DA:271,1
DA:272,1
DA:274,1
DA:275,1
DA:276,1
DA:278,1
DA:279,1
DA:280,1
DA:282,1
DA:288,1
DA:293,1
DA:294,2
DA:297,2
DA:298,1
DA:299,1
DA:300,1
DA:301,1
DA:302,1
DA:303,1
DA:304,1
DA:305,1
DA:306,1
DA:307,1
DA:308,1
DA:309,1
DA:310,1
DA:311,1
DA:312,1
DA:313,2
DA:314,1
DA:315,2
DA:316,2
DA:320,2
DA:321,1
DA:322,1
DA:323,1
DA:324,1
DA:325,2
DA:326,1
DA:327,2
DA:328,2
DA:329,1
DA:330,1
DA:334,2
DA:336,1
DA:337,2
DA:338,2
DA:339,1
DA:340,2
DA:345,2
DA:346,1
DA:347,1
DA:348,1
DA:349,1
DA:350,2
DA:351,1
DA:352,1
DA:353,2
DA:354,1
DA:355,1
DA:359,1
DA:360,1
DA:362,1
DA:363,1
DA:364,2
DA:365,2
DA:366,2
DA:370,2
DA:371,1
DA:372,1
DA:373,2
DA:374,1
DA:375,2
DA:379,1
DA:381,1
DA:382,1
DA:383,1
DA:384,2
DA:385,1
DA:387,1
DA:389,2
DA:393,1
DA:395,1
DA:396,1
DA:397,1
DA:398,2
DA:399,1
DA:401,1
DA:403,2
DA:407,1
DA:411,1
DA:412,1
DA:413,1
DA:414,1
DA:416,1
DA:417,1
DA:418,1
DA:419,1
DA:421,1
DA:422,1
DA:423,1
DA:425,1
DA:426,1
DA:427,1
DA:430,1
DA:431,1
DA:432,1
DA:434,4
DA:435,7
DA:439,2
DA:440,1
DA:441,1
DA:442,1
DA:443,2
DA:444,2
DA:446,2
DA:447,1
DA:448,1
DA:449,2
DA:450,2
DA:452,2
DA:454,1
DA:455,1
DA:456,1
DA:457,1
DA:458,1
DA:459,2
DA:460,2
DA:461,2
DA:462,2
DA:463,2
DA:465,2
DA:466,1
DA:467,1
DA:468,1
DA:469,1
DA:470,3
DA:471,3
DA:472,1
DA:473,3
DA:474,3
DA:476,2
DA:477,1
DA:478,1
DA:479,1
DA:480,2
DA:481,1
DA:482,2
DA:484,2
DA:485,1
DA:486,2
DA:488,2
DA:489,2
DA:490,1
DA:492,1
DA:494,2
DA:496,2
DA:497,1
DA:498,1
DA:501,2
DA:503,2
DA:504,1
DA:505,1
DA:506,1
DA:508,2
DA:511,2
DA:512,2
DA:515,2
DA:517,2
DA:518,1
DA:519,1
DA:520,1
DA:522,2
DA:525,2
DA:526,1
DA:527,1
DA:528,1
DA:529,2
DA:530,1
DA:531,2
DA:533,2
DA:534,1
DA:535,2
DA:537,2
DA:538,2
DA:539,1
DA:541,1
DA:543,2
DA:545,2
DA:546,1
DA:547,1
DA:550,2
DA:552,2
DA:553,1
DA:554,1
DA:555,1
DA:557,2
DA:560,2
DA:561,2
DA:564,2
DA:566,2
DA:567,1
DA:568,1
DA:569,1
DA:571,2
DA:574,2
DA:575,1
DA:576,1
DA:577,1
DA:578,2
DA:579,1
DA:580,2
DA:582,2
DA:583,1
DA:584,2
DA:586,2
DA:587,2
DA:588,1
DA:590,1
DA:592,2
DA:594,2
DA:595,1
DA:596,1
DA:599,2
DA:601,2
DA:602,1
DA:603,1
DA:604,1
DA:606,2
DA:609,2
DA:610,2
DA:613,2
DA:615,2
DA:616,1
DA:617,1
DA:618,1
DA:620,2
DA:623,2
DA:624,1
DA:625,1
DA:626,1
DA:627,2
DA:628,1
DA:629,2
DA:631,2
DA:632,1
DA:633,2
DA:635,2
DA:636,2
DA:637,1
DA:639,1
DA:641,2
DA:643,2
DA:644,1
DA:645,1
DA:648,2
DA:650,2
DA:651,1
DA:652,1
DA:653,1
DA:655,2
DA:658,2
DA:659,2
DA:662,2
DA:664,2
DA:665,1
DA:666,1
DA:667,1
DA:669,2
DA:672,2
DA:673,1
DA:674,1
DA:675,1
DA:676,2
DA:677,2
DA:679,2
DA:680,1
DA:682,1
DA:684,2
DA:686,2
DA:687,1
DA:688,1
DA:689,1
DA:691,2
DA:693,2
DA:694,1
DA:695,1
DA:696,1
DA:698,2
DA:702,2
DA:703,1
DA:704,1
DA:705,1
DA:706,2
DA:707,2
DA:709,2
DA:710,1
DA:712,1
DA:714,2
DA:716,2
DA:717,1
DA:718,1
DA:719,1
DA:721,2
DA:723,2
DA:724,1
DA:725,1
DA:726,1
DA:728,2
DA:731,2
DA:732,1
DA:733,1
DA:734,1
DA:735,2
DA:736,1
DA:737,1
DA:739,4
DA:740,3
DA:742,2
DA:743,2
DA:744,3
DA:745,4
DA:747,2
DA:748,1
DA:749,1
DA:750,1
DA:752,1
DA:753,1
DA:754,1
DA:756,2
DA:758,2
DA:759,1
DA:760,3
DA:765,2
DA:766,1
DA:767,1
DA:768,1
DA:769,2
DA:770,2
DA:772,2
DA:773,3
DA:775,2
DA:776,3
DA:779,2
DA:780,1
DA:781,1
DA:782,1
DA:783,2
DA:784,2
DA:786,2
DA:787,3
DA:789,2
DA:790,3
DA:793,2
DA:794,1
DA:795,1
DA:796,1
DA:797,2
DA:798,2
DA:800,2
DA:801,1
DA:802,2
DA:806,2
DA:807,3
DA:810,2
DA:811,1
DA:812,1
DA:813,1
DA:814,2
DA:815,2
DA:817,2
DA:818,1
DA:819,2
DA:823,2
DA:824,3
DA:827,2
DA:829,1
DA:830,1
DA:831,1
DA:832,1
DA:833,2
DA:834,3
DA:837,2
DA:839,1
DA:840,1
DA:841,1
DA:842,1
DA:843,2
DA:844,3
DA:847,2
DA:848,2
DA:851,2
DA:852,1
DA:853,2
DA:854,2
DA:855,5
DA:856,1
DA:857,1
DA:858,1
DA:859,1
DA:860,1
DA:861,1
DA:865,1
DA:866,1
DA:867,1
DA:868,1
DA:869,1
DA:870,1
DA:876,2
DA:877,2
DA:880,2
DA:881,1
DA:882,2
DA:883,2
DA:884,5
DA:885,1
DA:886,1
DA:887,1
DA:888,1
DA:889,1
DA:890,1
DA:894,1
DA:895,1
DA:896,1
DA:897,1
DA:898,1
DA:899,1
DA:905,2
DA:906,2
DA:909,2
DA:910,1
DA:911,2
DA:912,2
DA:913,5
DA:914,1
DA:915,1
DA:916,1
DA:917,1
DA:918,1
DA:919,1
DA:925,2
DA:926,2
DA:929,2
DA:930,1
DA:931,2
DA:932,2
DA:933,4
DA:934,1
DA:935,1
DA:936,1
DA:937,1
DA:938,1
DA:939,1
DA:945,2
DA:946,2
DA:949,2
DA:950,1
DA:951,2
DA:952,2
DA:953,4
DA:954,1
DA:955,1
DA:956,1
DA:957,1
DA:958,1
DA:959,1
DA:963,1
DA:964,1
DA:965,1
DA:966,1
DA:967,1
DA:968,1
DA:974,2
DA:975,2
DA:978,2
DA:979,1
DA:980,2
DA:981,2
DA:982,4
DA:983,1
DA:984,1
DA:985,1
DA:986,1
DA:987,1
DA:988,1
DA:992,1
DA:993,1
DA:994,1
DA:995,1
DA:996,1
DA:997,1
DA:1003,2
DA:1004,2
DA:1007,2
DA:1008,1
DA:1009,2
DA:1010,2
DA:1011,1
DA:1012,3
DA:1015,1
DA:1016,1
DA:1017,1
DA:1018,1
DA:1019,1
DA:1020,1
DA:1024,1
DA:1025,1
DA:1026,1
DA:1027,1
DA:1028,1
DA:1029,1
DA:1035,2
DA:1036,2
DA:1039,2
DA:1040,1
DA:1041,2
DA:1042,2
DA:1043,1
DA:1044,3
DA:1047,1
DA:1048,1
DA:1049,1
DA:1050,1
DA:1051,1
DA:1052,1
DA:1056,1
DA:1057,1
DA:1058,1
DA:1059,1
DA:1060,1
DA:1061,1
DA:1066,2
DA:1067,2
DA:1070,2
DA:1071,1
DA:1072,2
DA:1073,2
DA:1074,1
DA:1075,3
DA:1078,1
DA:1079,1
DA:1080,1
DA:1081,1
DA:1082,1
DA:1083,1
DA:1087,1
DA:1088,1
DA:1089,1
DA:1090,1
DA:1091,1
DA:1092,1
LF:742
LH:742
end_of_record
SF:C:\Users\felip_0vh5fa6\Documents\Projects\dart\due_date\test\shared_private_test.dart
DA:5,1
DA:6,2
DA:7,2
DA:8,1
DA:9,2
DA:10,1
DA:13,2
DA:16,1
DA:18,1
DA:19,3
DA:21,2
DA:22,3
DA:24,2
DA:26,2
DA:27,2
DA:28,1
DA:29,2
DA:32,2
DA:34,2
DA:35,2
DA:36,1
DA:37,3
DA:39,2
DA:40,2
DA:41,1
DA:42,3
DA:46,2
DA:47,2
DA:48,1
DA:49,2
DA:50,2
DA:51,2
DA:55,2
DA:56,1
DA:57,1
DA:58,1
DA:59,2
DA:64,2
DA:65,1
DA:66,1
DA:67,1
DA:68,0
DA:69,0
DA:72,1
DA:75,2
DA:76,4
DA:78,2
DA:79,2
DA:80,3
DA:82,2
DA:83,2
DA:84,4
DA:86,2
DA:87,1
DA:88,1
DA:89,3
DA:90,1
DA:96,2
DA:97,1
DA:98,2
DA:99,4
DA:101,2
DA:102,1
DA:103,4
LF:64
LH:62
end_of_record
